[INFO] 
[INFO] ------------------< com.rmit.sept.assignment:initial >------------------
[INFO] Building initial 0.0.1-SNAPSHOT
[INFO] --------------------------------[ jar ]---------------------------------
[WARNING] The artifact org.hibernate:hibernate-validator:jar:6.1.5.Final has been relocated to org.hibernate.validator:hibernate-validator:jar:6.1.5.Final
The artifact org.hibernate:hibernate-validator:jar:6.1.5.Final has been relocated to org.hibernate.validator:hibernate-validator:jar:6.1.5.Final


[INFO] 
[INFO] --- maven-resources-plugin:3.1.0:resources (default-resources) @ initial ---
[INFO] Using 'UTF-8' encoding to copy filtered resources.
[INFO] Copying 1 resource
[INFO] Copying 0 resource
[INFO] 
[INFO] --- maven-compiler-plugin:3.8.1:compile (default-compile) @ initial ---
[INFO] Changes detected - recompiling the module!
[INFO] Compiling 23 source files to /Users/University/Documents/GitHub/majorproject-2-thurs-18-30-5/BackEnd/target/classes
[INFO] 
[INFO] --- maven-resources-plugin:3.1.0:testResources (default-testResources) @ initial ---
[INFO] Using 'UTF-8' encoding to copy filtered resources.
[INFO] Copying 1 resource
[INFO] 
[INFO] --- maven-compiler-plugin:3.8.1:testCompile (default-testCompile) @ initial ---
[INFO] Changes detected - recompiling the module!
[INFO] Compiling 9 source files to /Users/University/Documents/GitHub/majorproject-2-thurs-18-30-5/BackEnd/target/test-classes
[INFO] 
[INFO] --- maven-surefire-plugin:2.22.2:test (default-test) @ initial ---
[INFO] 
[INFO] -------------------------------------------------------
[INFO]  T E S T S
[INFO] -------------------------------------------------------
[INFO] Running com.rmit.sept.assignment.initial.web.UserControllerTest
21:03:04.353 [main] DEBUG org.springframework.test.context.BootstrapUtils - Instantiating CacheAwareContextLoaderDelegate from class [org.springframework.test.context.cache.DefaultCacheAwareContextLoaderDelegate]
21:03:04.365 [main] DEBUG org.springframework.test.context.BootstrapUtils - Instantiating BootstrapContext using constructor [public org.springframework.test.context.support.DefaultBootstrapContext(java.lang.Class,org.springframework.test.context.CacheAwareContextLoaderDelegate)]
21:03:04.401 [main] DEBUG org.springframework.test.context.BootstrapUtils - Instantiating TestContextBootstrapper for test class [com.rmit.sept.assignment.initial.web.UserControllerTest] from class [org.springframework.boot.test.context.SpringBootTestContextBootstrapper]
21:03:04.420 [main] INFO org.springframework.boot.test.context.SpringBootTestContextBootstrapper - Neither @ContextConfiguration nor @ContextHierarchy found for test class [com.rmit.sept.assignment.initial.web.UserControllerTest], using SpringBootContextLoader
21:03:04.424 [main] DEBUG org.springframework.test.context.support.AbstractContextLoader - Did not detect default resource location for test class [com.rmit.sept.assignment.initial.web.UserControllerTest]: class path resource [com/rmit/sept/assignment/initial/web/UserControllerTest-context.xml] does not exist
21:03:04.425 [main] DEBUG org.springframework.test.context.support.AbstractContextLoader - Did not detect default resource location for test class [com.rmit.sept.assignment.initial.web.UserControllerTest]: class path resource [com/rmit/sept/assignment/initial/web/UserControllerTestContext.groovy] does not exist
21:03:04.425 [main] INFO org.springframework.test.context.support.AbstractContextLoader - Could not detect default resource locations for test class [com.rmit.sept.assignment.initial.web.UserControllerTest]: no resource found for suffixes {-context.xml, Context.groovy}.
21:03:04.427 [main] INFO org.springframework.test.context.support.AnnotationConfigContextLoaderUtils - Could not detect default configuration classes for test class [com.rmit.sept.assignment.initial.web.UserControllerTest]: UserControllerTest does not declare any static, non-private, non-final, nested classes annotated with @Configuration.
21:03:04.596 [main] DEBUG org.springframework.context.annotation.ClassPathScanningCandidateComponentProvider - Identified candidate component class: file [/Users/University/Documents/GitHub/majorproject-2-thurs-18-30-5/BackEnd/target/classes/com/rmit/sept/assignment/initial/InitialApplication.class]
21:03:04.597 [main] INFO org.springframework.boot.test.context.SpringBootTestContextBootstrapper - Found @SpringBootConfiguration com.rmit.sept.assignment.initial.InitialApplication for test class com.rmit.sept.assignment.initial.web.UserControllerTest
21:03:04.685 [main] DEBUG org.springframework.boot.test.context.SpringBootTestContextBootstrapper - @TestExecutionListeners is not present for class [com.rmit.sept.assignment.initial.web.UserControllerTest]: using defaults.
21:03:04.686 [main] INFO org.springframework.boot.test.context.SpringBootTestContextBootstrapper - Loaded default TestExecutionListener class names from location [META-INF/spring.factories]: [org.springframework.boot.test.mock.mockito.MockitoTestExecutionListener, org.springframework.boot.test.mock.mockito.ResetMocksTestExecutionListener, org.springframework.boot.test.autoconfigure.restdocs.RestDocsTestExecutionListener, org.springframework.boot.test.autoconfigure.web.client.MockRestServiceServerResetTestExecutionListener, org.springframework.boot.test.autoconfigure.web.servlet.MockMvcPrintOnlyOnFailureTestExecutionListener, org.springframework.boot.test.autoconfigure.web.servlet.WebDriverTestExecutionListener, org.springframework.boot.test.autoconfigure.webservices.client.MockWebServiceServerTestExecutionListener, org.springframework.test.context.web.ServletTestExecutionListener, org.springframework.test.context.support.DirtiesContextBeforeModesTestExecutionListener, org.springframework.test.context.support.DependencyInjectionTestExecutionListener, org.springframework.test.context.support.DirtiesContextTestExecutionListener, org.springframework.test.context.transaction.TransactionalTestExecutionListener, org.springframework.test.context.jdbc.SqlScriptsTestExecutionListener, org.springframework.test.context.event.EventPublishingTestExecutionListener]
21:03:04.699 [main] INFO org.springframework.boot.test.context.SpringBootTestContextBootstrapper - Using TestExecutionListeners: [org.springframework.test.context.web.ServletTestExecutionListener@7d900ecf, org.springframework.test.context.support.DirtiesContextBeforeModesTestExecutionListener@6f01b95f, org.springframework.boot.test.mock.mockito.MockitoTestExecutionListener@4007f65e, org.springframework.boot.test.autoconfigure.SpringBootDependencyInjectionTestExecutionListener@1a245833, org.springframework.test.context.support.DirtiesContextTestExecutionListener@673fdbce, org.springframework.test.context.transaction.TransactionalTestExecutionListener@5965d37, org.springframework.test.context.jdbc.SqlScriptsTestExecutionListener@7a5ceedd, org.springframework.test.context.event.EventPublishingTestExecutionListener@4201c465, org.springframework.boot.test.mock.mockito.ResetMocksTestExecutionListener@5b799640, org.springframework.boot.test.autoconfigure.restdocs.RestDocsTestExecutionListener@6cb107fd, org.springframework.boot.test.autoconfigure.web.client.MockRestServiceServerResetTestExecutionListener@710636b0, org.springframework.boot.test.autoconfigure.web.servlet.MockMvcPrintOnlyOnFailureTestExecutionListener@3de8f619, org.springframework.boot.test.autoconfigure.web.servlet.WebDriverTestExecutionListener@2ab4bc72, org.springframework.boot.test.autoconfigure.webservices.client.MockWebServiceServerTestExecutionListener@4e5ed836]
21:03:04.703 [main] DEBUG org.springframework.test.context.support.AbstractDirtiesContextTestExecutionListener - Before test class: context [DefaultTestContext@4722ef0c testClass = UserControllerTest, testInstance = [null], testMethod = [null], testException = [null], mergedContextConfiguration = [WebMergedContextConfiguration@48e1f6c7 testClass = UserControllerTest, locations = '{}', classes = '{class com.rmit.sept.assignment.initial.InitialApplication}', contextInitializerClasses = '[]', activeProfiles = '{test}', propertySourceLocations = '{}', propertySourceProperties = '{org.springframework.boot.test.context.SpringBootTestContextBootstrapper=true}', contextCustomizers = set[org.springframework.boot.test.context.filter.ExcludeFilterContextCustomizer@79924b, org.springframework.boot.test.json.DuplicateJsonObjectContextCustomizerFactory$DuplicateJsonObjectContextCustomizer@4cc451f2, org.springframework.boot.test.mock.mockito.MockitoContextCustomizer@c220f11d, org.springframework.boot.test.web.client.TestRestTemplateContextCustomizer@2b662a77, org.springframework.boot.test.autoconfigure.properties.PropertyMappingContextCustomizer@0, org.springframework.boot.test.autoconfigure.web.servlet.WebDriverContextCustomizerFactory$Customizer@3c19aaa5, org.springframework.boot.test.context.SpringBootTestArgs@1], resourceBasePath = 'src/main/webapp', contextLoader = 'org.springframework.boot.test.context.SpringBootContextLoader', parent = [null]], attributes = map['org.springframework.test.context.web.ServletTestExecutionListener.activateListener' -> true]], class annotated with @DirtiesContext [false] with mode [null].
21:03:04.729 [main] DEBUG org.springframework.core.env.StandardEnvironment - Activating profiles [test]
21:03:04.732 [main] DEBUG org.springframework.test.context.support.TestPropertySourceUtils - Adding inlined properties to environment: {spring.jmx.enabled=false, org.springframework.boot.test.context.SpringBootTestContextBootstrapper=true}
  .   ____          _            __ _ _
 /\\ / ___'_ __ _ _(_)_ __  __ _ \ \ \ \
( ( )\___ | '_ | '_| | '_ \/ _` | \ \ \ \
 \\/  ___)| |_)| | | | | || (_| |  ) ) ) )
  '  |____| .__|_| |_|_| |_\__, | / / / /
 =========|_|==============|___/=/_/_/_/
 :: Spring Boot ::        (v2.3.2.RELEASE)
2020-09-22 21:03:04.957  INFO 45963 --- [           main] c.r.s.a.initial.web.UserControllerTest   : Starting UserControllerTest on Donald.local with PID 45963 (started by University in /Users/University/Documents/GitHub/majorproject-2-thurs-18-30-5/BackEnd)
2020-09-22 21:03:04.958  INFO 45963 --- [           main] c.r.s.a.initial.web.UserControllerTest   : The following profiles are active: test
2020-09-22 21:03:05.599  INFO 45963 --- [           main] .s.d.r.c.RepositoryConfigurationDelegate : Bootstrapping Spring Data JPA repositories in DEFAULT mode.
2020-09-22 21:03:05.683  INFO 45963 --- [           main] .s.d.r.c.RepositoryConfigurationDelegate : Finished Spring Data repository scanning in 74ms. Found 5 JPA repository interfaces.
2020-09-22 21:03:06.598  INFO 45963 --- [           main] o.hibernate.jpa.internal.util.LogHelper  : HHH000204: Processing PersistenceUnitInfo [name: default]
2020-09-22 21:03:06.643  INFO 45963 --- [           main] org.hibernate.Version                    : HHH000412: Hibernate ORM core version 5.4.18.Final
2020-09-22 21:03:06.676  INFO 45963 --- [           main] o.hibernate.annotations.common.Version   : HCANN000001: Hibernate Commons Annotations {5.1.0.Final}
2020-09-22 21:03:06.775  INFO 45963 --- [           main] com.zaxxer.hikari.HikariDataSource       : HikariPool-1 - Starting...
2020-09-22 21:03:06.987  INFO 45963 --- [           main] com.zaxxer.hikari.HikariDataSource       : HikariPool-1 - Start completed.
2020-09-22 21:03:07.008  INFO 45963 --- [           main] org.hibernate.dialect.Dialect            : HHH000400: Using dialect: org.hibernate.dialect.H2Dialect
2020-09-22 21:03:07.839  INFO 45963 --- [           main] o.h.e.t.j.p.i.JtaPlatformInitiator       : HHH000490: Using JtaPlatform implementation: [org.hibernate.engine.transaction.jta.platform.internal.NoJtaPlatform]
2020-09-22 21:03:07.846  INFO 45963 --- [           main] j.LocalContainerEntityManagerFactoryBean : Initialized JPA EntityManagerFactory for persistence unit 'default'
2020-09-22 21:03:08.649  WARN 45963 --- [           main] JpaBaseConfiguration$JpaWebConfiguration : spring.jpa.open-in-view is enabled by default. Therefore, database queries may be performed during view rendering. Explicitly configure spring.jpa.open-in-view to disable this warning
2020-09-22 21:03:08.835  INFO 45963 --- [           main] o.s.s.concurrent.ThreadPoolTaskExecutor  : Initializing ExecutorService 'applicationTaskExecutor'
2020-09-22 21:03:09.108  INFO 45963 --- [           main] o.s.b.a.h2.H2ConsoleAutoConfiguration    : H2 console available at '/h2-console'. Database available at 'jdbc:h2:file:~/test/sept-db'
2020-09-22 21:03:09.184  INFO 45963 --- [           main] c.r.s.a.initial.web.UserControllerTest   : Started UserControllerTest in 4.444 seconds (JVM running for 5.447)
2020-09-22 21:03:09.240  INFO 45963 --- [           main] o.s.mock.web.MockServletContext          : Initializing Spring TestDispatcherServlet ''
2020-09-22 21:03:09.240  INFO 45963 --- [           main] o.s.t.web.servlet.TestDispatcherServlet  : Initializing Servlet ''
2020-09-22 21:03:09.241  INFO 45963 --- [           main] o.s.t.web.servlet.TestDispatcherServlet  : Completed initialization in 1 ms
2020-09-22 21:03:09.391  INFO 45963 --- [           main] o.s.mock.web.MockServletContext          : Initializing Spring TestDispatcherServlet ''
2020-09-22 21:03:09.391  INFO 45963 --- [           main] o.s.t.web.servlet.TestDispatcherServlet  : Initializing Servlet ''
2020-09-22 21:03:09.391  INFO 45963 --- [           main] o.s.t.web.servlet.TestDispatcherServlet  : Completed initialization in 0 ms
2020-09-22 21:03:09.449  WARN 45963 --- [           main] .w.s.m.s.DefaultHandlerExceptionResolver : Resolved [org.springframework.http.converter.HttpMessageNotReadableException: Required request body is missing: public org.springframework.http.ResponseEntity<?> com.rmit.sept.assignment.initial.web.UserController.createNewUser(com.rmit.sept.assignment.initial.model.User,org.springframework.validation.BindingResult)]
2020-09-22 21:03:09.465  INFO 45963 --- [           main] o.s.mock.web.MockServletContext          : Initializing Spring TestDispatcherServlet ''
2020-09-22 21:03:09.465  INFO 45963 --- [           main] o.s.t.web.servlet.TestDispatcherServlet  : Initializing Servlet ''
2020-09-22 21:03:09.465  INFO 45963 --- [           main] o.s.t.web.servlet.TestDispatcherServlet  : Completed initialization in 0 ms
2020-09-22 21:03:09.517  INFO 45963 --- [           main] o.s.mock.web.MockServletContext          : Initializing Spring TestDispatcherServlet ''
2020-09-22 21:03:09.517  INFO 45963 --- [           main] o.s.t.web.servlet.TestDispatcherServlet  : Initializing Servlet ''
2020-09-22 21:03:09.518  INFO 45963 --- [           main] o.s.t.web.servlet.TestDispatcherServlet  : Completed initialization in 1 ms
2020-09-22 21:03:09.535  INFO 45963 --- [           main] o.s.mock.web.MockServletContext          : Initializing Spring TestDispatcherServlet ''
2020-09-22 21:03:09.535  INFO 45963 --- [           main] o.s.t.web.servlet.TestDispatcherServlet  : Initializing Servlet ''
2020-09-22 21:03:09.536  INFO 45963 --- [           main] o.s.t.web.servlet.TestDispatcherServlet  : Completed initialization in 1 ms
[INFO] Tests run: 5, Failures: 0, Errors: 0, Skipped: 0, Time elapsed: 5.249 s - in com.rmit.sept.assignment.initial.web.UserControllerTest
[INFO] Running com.rmit.sept.assignment.initial.web.WorkerControllerTest
2020-09-22 21:03:09.545  INFO 45963 --- [           main] .b.t.c.SpringBootTestContextBootstrapper : Neither @ContextConfiguration nor @ContextHierarchy found for test class [com.rmit.sept.assignment.initial.web.WorkerControllerTest], using SpringBootContextLoader
2020-09-22 21:03:09.545  INFO 45963 --- [           main] o.s.t.c.support.AbstractContextLoader    : Could not detect default resource locations for test class [com.rmit.sept.assignment.initial.web.WorkerControllerTest]: no resource found for suffixes {-context.xml, Context.groovy}.
2020-09-22 21:03:09.546  INFO 45963 --- [           main] t.c.s.AnnotationConfigContextLoaderUtils : Could not detect default configuration classes for test class [com.rmit.sept.assignment.initial.web.WorkerControllerTest]: WorkerControllerTest does not declare any static, non-private, non-final, nested classes annotated with @Configuration.
2020-09-22 21:03:09.548  INFO 45963 --- [           main] .b.t.c.SpringBootTestContextBootstrapper : Found @SpringBootConfiguration com.rmit.sept.assignment.initial.InitialApplication for test class com.rmit.sept.assignment.initial.web.WorkerControllerTest
2020-09-22 21:03:09.549  INFO 45963 --- [           main] .b.t.c.SpringBootTestContextBootstrapper : Loaded default TestExecutionListener class names from location [META-INF/spring.factories]: [org.springframework.boot.test.mock.mockito.MockitoTestExecutionListener, org.springframework.boot.test.mock.mockito.ResetMocksTestExecutionListener, org.springframework.boot.test.autoconfigure.restdocs.RestDocsTestExecutionListener, org.springframework.boot.test.autoconfigure.web.client.MockRestServiceServerResetTestExecutionListener, org.springframework.boot.test.autoconfigure.web.servlet.MockMvcPrintOnlyOnFailureTestExecutionListener, org.springframework.boot.test.autoconfigure.web.servlet.WebDriverTestExecutionListener, org.springframework.boot.test.autoconfigure.webservices.client.MockWebServiceServerTestExecutionListener, org.springframework.test.context.web.ServletTestExecutionListener, org.springframework.test.context.support.DirtiesContextBeforeModesTestExecutionListener, org.springframework.test.context.support.DependencyInjectionTestExecutionListener, org.springframework.test.context.support.DirtiesContextTestExecutionListener, org.springframework.test.context.transaction.TransactionalTestExecutionListener, org.springframework.test.context.jdbc.SqlScriptsTestExecutionListener, org.springframework.test.context.event.EventPublishingTestExecutionListener]
2020-09-22 21:03:09.550  INFO 45963 --- [           main] .b.t.c.SpringBootTestContextBootstrapper : Using TestExecutionListeners: [org.springframework.test.context.web.ServletTestExecutionListener@22ff11ef, org.springframework.test.context.support.DirtiesContextBeforeModesTestExecutionListener@7c5ac0, org.springframework.boot.test.mock.mockito.MockitoTestExecutionListener@23d978b, org.springframework.boot.test.autoconfigure.SpringBootDependencyInjectionTestExecutionListener@3cf70afa, org.springframework.test.context.support.DirtiesContextTestExecutionListener@66dd04e2, org.springframework.test.context.transaction.TransactionalTestExecutionListener@495e8a3, org.springframework.test.context.jdbc.SqlScriptsTestExecutionListener@6a7aa675, org.springframework.test.context.event.EventPublishingTestExecutionListener@6eded11a, org.springframework.boot.test.mock.mockito.ResetMocksTestExecutionListener@602a3237, org.springframework.boot.test.autoconfigure.restdocs.RestDocsTestExecutionListener@4b511e61, org.springframework.boot.test.autoconfigure.web.client.MockRestServiceServerResetTestExecutionListener@74a74070, org.springframework.boot.test.autoconfigure.web.servlet.MockMvcPrintOnlyOnFailureTestExecutionListener@6c6919ff, org.springframework.boot.test.autoconfigure.web.servlet.WebDriverTestExecutionListener@5de335cf, org.springframework.boot.test.autoconfigure.webservices.client.MockWebServiceServerTestExecutionListener@1e029a04]
  .   ____          _            __ _ _
 /\\ / ___'_ __ _ _(_)_ __  __ _ \ \ \ \
( ( )\___ | '_ | '_| | '_ \/ _` | \ \ \ \
 \\/  ___)| |_)| | | | | || (_| |  ) ) ) )
  '  |____| .__|_| |_|_| |_\__, | / / / /
 =========|_|==============|___/=/_/_/_/
 :: Spring Boot ::        (v2.3.2.RELEASE)
2020-09-22 21:03:09.597  INFO 45963 --- [           main] c.r.s.a.i.web.WorkerControllerTest       : Starting WorkerControllerTest on Donald.local with PID 45963 (started by University in /Users/University/Documents/GitHub/majorproject-2-thurs-18-30-5/BackEnd)
2020-09-22 21:03:09.597  INFO 45963 --- [           main] c.r.s.a.i.web.WorkerControllerTest       : The following profiles are active: test
2020-09-22 21:03:09.788  INFO 45963 --- [           main] .s.d.r.c.RepositoryConfigurationDelegate : Bootstrapping Spring Data JPA repositories in DEFAULT mode.
2020-09-22 21:03:09.807  INFO 45963 --- [           main] .s.d.r.c.RepositoryConfigurationDelegate : Finished Spring Data repository scanning in 18ms. Found 5 JPA repository interfaces.
2020-09-22 21:03:10.022  INFO 45963 --- [           main] o.hibernate.jpa.internal.util.LogHelper  : HHH000204: Processing PersistenceUnitInfo [name: default]
2020-09-22 21:03:10.025  INFO 45963 --- [           main] com.zaxxer.hikari.HikariDataSource       : HikariPool-2 - Starting...
2020-09-22 21:03:10.026  INFO 45963 --- [           main] com.zaxxer.hikari.HikariDataSource       : HikariPool-2 - Start completed.
2020-09-22 21:03:10.027  INFO 45963 --- [           main] org.hibernate.dialect.Dialect            : HHH000400: Using dialect: org.hibernate.dialect.H2Dialect
2020-09-22 21:03:10.179  INFO 45963 --- [           main] o.h.e.t.j.p.i.JtaPlatformInitiator       : HHH000490: Using JtaPlatform implementation: [org.hibernate.engine.transaction.jta.platform.internal.NoJtaPlatform]
2020-09-22 21:03:10.179  INFO 45963 --- [           main] j.LocalContainerEntityManagerFactoryBean : Initialized JPA EntityManagerFactory for persistence unit 'default'
2020-09-22 21:03:10.397  WARN 45963 --- [           main] JpaBaseConfiguration$JpaWebConfiguration : spring.jpa.open-in-view is enabled by default. Therefore, database queries may be performed during view rendering. Explicitly configure spring.jpa.open-in-view to disable this warning
2020-09-22 21:03:10.484  INFO 45963 --- [           main] o.s.s.concurrent.ThreadPoolTaskExecutor  : Initializing ExecutorService 'applicationTaskExecutor'
2020-09-22 21:03:10.635  INFO 45963 --- [           main] o.s.b.a.h2.H2ConsoleAutoConfiguration    : H2 console available at '/h2-console'. Database available at 'jdbc:h2:file:~/test/sept-db'
2020-09-22 21:03:10.682  INFO 45963 --- [           main] c.r.s.a.i.web.WorkerControllerTest       : Started WorkerControllerTest in 1.13 seconds (JVM running for 6.946)
2020-09-22 21:03:10.701  INFO 45963 --- [           main] o.s.mock.web.MockServletContext          : Initializing Spring TestDispatcherServlet ''
2020-09-22 21:03:10.701  INFO 45963 --- [           main] o.s.t.web.servlet.TestDispatcherServlet  : Initializing Servlet ''
2020-09-22 21:03:10.702  INFO 45963 --- [           main] o.s.t.web.servlet.TestDispatcherServlet  : Completed initialization in 1 ms
2020-09-22 21:03:10.729  INFO 45963 --- [           main] o.s.mock.web.MockServletContext          : Initializing Spring TestDispatcherServlet ''
2020-09-22 21:03:10.729  INFO 45963 --- [           main] o.s.t.web.servlet.TestDispatcherServlet  : Initializing Servlet ''
2020-09-22 21:03:10.729  INFO 45963 --- [           main] o.s.t.web.servlet.TestDispatcherServlet  : Completed initialization in 0 ms
2020-09-22 21:03:10.747  INFO 45963 --- [           main] o.s.mock.web.MockServletContext          : Initializing Spring TestDispatcherServlet ''
2020-09-22 21:03:10.747  INFO 45963 --- [           main] o.s.t.web.servlet.TestDispatcherServlet  : Initializing Servlet ''
2020-09-22 21:03:10.747  INFO 45963 --- [           main] o.s.t.web.servlet.TestDispatcherServlet  : Completed initialization in 0 ms
2020-09-22 21:03:10.768  INFO 45963 --- [           main] o.s.mock.web.MockServletContext          : Initializing Spring TestDispatcherServlet ''
2020-09-22 21:03:10.768  INFO 45963 --- [           main] o.s.t.web.servlet.TestDispatcherServlet  : Initializing Servlet ''
2020-09-22 21:03:10.769  INFO 45963 --- [           main] o.s.t.web.servlet.TestDispatcherServlet  : Completed initialization in 0 ms
2020-09-22 21:03:10.781  INFO 45963 --- [           main] o.s.mock.web.MockServletContext          : Initializing Spring TestDispatcherServlet ''
2020-09-22 21:03:10.781  INFO 45963 --- [           main] o.s.t.web.servlet.TestDispatcherServlet  : Initializing Servlet ''
2020-09-22 21:03:10.782  INFO 45963 --- [           main] o.s.t.web.servlet.TestDispatcherServlet  : Completed initialization in 1 ms
[INFO] Tests run: 5, Failures: 0, Errors: 0, Skipped: 0, Time elapsed: 1.217 s - in com.rmit.sept.assignment.initial.web.WorkerControllerTest
[INFO] Running com.rmit.sept.assignment.initial.web.HoursControllerTest
2020-09-22 21:03:10.791  INFO 45963 --- [           main] .b.t.c.SpringBootTestContextBootstrapper : Neither @ContextConfiguration nor @ContextHierarchy found for test class [com.rmit.sept.assignment.initial.web.HoursControllerTest], using SpringBootContextLoader
2020-09-22 21:03:10.792  INFO 45963 --- [           main] o.s.t.c.support.AbstractContextLoader    : Could not detect default resource locations for test class [com.rmit.sept.assignment.initial.web.HoursControllerTest]: no resource found for suffixes {-context.xml, Context.groovy}.
2020-09-22 21:03:10.792  INFO 45963 --- [           main] t.c.s.AnnotationConfigContextLoaderUtils : Could not detect default configuration classes for test class [com.rmit.sept.assignment.initial.web.HoursControllerTest]: HoursControllerTest does not declare any static, non-private, non-final, nested classes annotated with @Configuration.
2020-09-22 21:03:10.794  INFO 45963 --- [           main] .b.t.c.SpringBootTestContextBootstrapper : Found @SpringBootConfiguration com.rmit.sept.assignment.initial.InitialApplication for test class com.rmit.sept.assignment.initial.web.HoursControllerTest
2020-09-22 21:03:10.795  INFO 45963 --- [           main] .b.t.c.SpringBootTestContextBootstrapper : Loaded default TestExecutionListener class names from location [META-INF/spring.factories]: [org.springframework.boot.test.mock.mockito.MockitoTestExecutionListener, org.springframework.boot.test.mock.mockito.ResetMocksTestExecutionListener, org.springframework.boot.test.autoconfigure.restdocs.RestDocsTestExecutionListener, org.springframework.boot.test.autoconfigure.web.client.MockRestServiceServerResetTestExecutionListener, org.springframework.boot.test.autoconfigure.web.servlet.MockMvcPrintOnlyOnFailureTestExecutionListener, org.springframework.boot.test.autoconfigure.web.servlet.WebDriverTestExecutionListener, org.springframework.boot.test.autoconfigure.webservices.client.MockWebServiceServerTestExecutionListener, org.springframework.test.context.web.ServletTestExecutionListener, org.springframework.test.context.support.DirtiesContextBeforeModesTestExecutionListener, org.springframework.test.context.support.DependencyInjectionTestExecutionListener, org.springframework.test.context.support.DirtiesContextTestExecutionListener, org.springframework.test.context.transaction.TransactionalTestExecutionListener, org.springframework.test.context.jdbc.SqlScriptsTestExecutionListener, org.springframework.test.context.event.EventPublishingTestExecutionListener]
2020-09-22 21:03:10.796  INFO 45963 --- [           main] .b.t.c.SpringBootTestContextBootstrapper : Using TestExecutionListeners: [org.springframework.test.context.web.ServletTestExecutionListener@141229f6, org.springframework.test.context.support.DirtiesContextBeforeModesTestExecutionListener@723b8eff, org.springframework.boot.test.mock.mockito.MockitoTestExecutionListener@3987a1e8, org.springframework.boot.test.autoconfigure.SpringBootDependencyInjectionTestExecutionListener@20d65767, org.springframework.test.context.support.DirtiesContextTestExecutionListener@250e8712, org.springframework.test.context.transaction.TransactionalTestExecutionListener@becb93a, org.springframework.test.context.jdbc.SqlScriptsTestExecutionListener@f60c14e, org.springframework.test.context.event.EventPublishingTestExecutionListener@1d1fd2aa, org.springframework.boot.test.mock.mockito.ResetMocksTestExecutionListener@4c78e00c, org.springframework.boot.test.autoconfigure.restdocs.RestDocsTestExecutionListener@22b3b5d0, org.springframework.boot.test.autoconfigure.web.client.MockRestServiceServerResetTestExecutionListener@2b506a79, org.springframework.boot.test.autoconfigure.web.servlet.MockMvcPrintOnlyOnFailureTestExecutionListener@48b9773b, org.springframework.boot.test.autoconfigure.web.servlet.WebDriverTestExecutionListener@43ca96a0, org.springframework.boot.test.autoconfigure.webservices.client.MockWebServiceServerTestExecutionListener@7c68a63c]
  .   ____          _            __ _ _
 /\\ / ___'_ __ _ _(_)_ __  __ _ \ \ \ \
( ( )\___ | '_ | '_| | '_ \/ _` | \ \ \ \
 \\/  ___)| |_)| | | | | || (_| |  ) ) ) )
  '  |____| .__|_| |_|_| |_\__, | / / / /
 =========|_|==============|___/=/_/_/_/
 :: Spring Boot ::        (v2.3.2.RELEASE)
2020-09-22 21:03:10.824  INFO 45963 --- [           main] c.r.s.a.initial.web.HoursControllerTest  : Starting HoursControllerTest on Donald.local with PID 45963 (started by University in /Users/University/Documents/GitHub/majorproject-2-thurs-18-30-5/BackEnd)
2020-09-22 21:03:10.824  INFO 45963 --- [           main] c.r.s.a.initial.web.HoursControllerTest  : The following profiles are active: test
2020-09-22 21:03:10.968  INFO 45963 --- [           main] .s.d.r.c.RepositoryConfigurationDelegate : Bootstrapping Spring Data JPA repositories in DEFAULT mode.
2020-09-22 21:03:10.981  INFO 45963 --- [           main] .s.d.r.c.RepositoryConfigurationDelegate : Finished Spring Data repository scanning in 12ms. Found 5 JPA repository interfaces.
2020-09-22 21:03:11.143  INFO 45963 --- [           main] o.hibernate.jpa.internal.util.LogHelper  : HHH000204: Processing PersistenceUnitInfo [name: default]
2020-09-22 21:03:11.146  INFO 45963 --- [           main] com.zaxxer.hikari.HikariDataSource       : HikariPool-3 - Starting...
2020-09-22 21:03:11.148  INFO 45963 --- [           main] com.zaxxer.hikari.HikariDataSource       : HikariPool-3 - Start completed.
2020-09-22 21:03:11.148  INFO 45963 --- [           main] org.hibernate.dialect.Dialect            : HHH000400: Using dialect: org.hibernate.dialect.H2Dialect
2020-09-22 21:03:11.307  INFO 45963 --- [           main] o.h.e.t.j.p.i.JtaPlatformInitiator       : HHH000490: Using JtaPlatform implementation: [org.hibernate.engine.transaction.jta.platform.internal.NoJtaPlatform]
2020-09-22 21:03:11.307  INFO 45963 --- [           main] j.LocalContainerEntityManagerFactoryBean : Initialized JPA EntityManagerFactory for persistence unit 'default'
2020-09-22 21:03:11.494  WARN 45963 --- [           main] JpaBaseConfiguration$JpaWebConfiguration : spring.jpa.open-in-view is enabled by default. Therefore, database queries may be performed during view rendering. Explicitly configure spring.jpa.open-in-view to disable this warning
2020-09-22 21:03:11.579  INFO 45963 --- [           main] o.s.s.concurrent.ThreadPoolTaskExecutor  : Initializing ExecutorService 'applicationTaskExecutor'
2020-09-22 21:03:11.748  INFO 45963 --- [           main] o.s.b.a.h2.H2ConsoleAutoConfiguration    : H2 console available at '/h2-console'. Database available at 'jdbc:h2:file:~/test/sept-db'
2020-09-22 21:03:11.789  INFO 45963 --- [           main] c.r.s.a.initial.web.HoursControllerTest  : Started HoursControllerTest in 0.991 seconds (JVM running for 8.053)
2020-09-22 21:03:11.802  INFO 45963 --- [           main] o.s.mock.web.MockServletContext          : Initializing Spring TestDispatcherServlet ''
2020-09-22 21:03:11.803  INFO 45963 --- [           main] o.s.t.web.servlet.TestDispatcherServlet  : Initializing Servlet ''
2020-09-22 21:03:11.803  INFO 45963 --- [           main] o.s.t.web.servlet.TestDispatcherServlet  : Completed initialization in 0 ms
{"id":{"worker":{"id":1,"user":{"id":1,"username":"ali123","password":"123Qwe!","firstName":null,"lastName":null,"address":null,"bookings":null,"createdAt":null,"updatedAt":null},"business":null,"bookings":null,"createdAt":null,"updatedAt":null,"admin":false},"dayOfWeek":"FRIDAY"},"start":null,"end":null}
2020-09-22 21:03:11.830  INFO 45963 --- [           main] o.s.mock.web.MockServletContext          : Initializing Spring TestDispatcherServlet ''
2020-09-22 21:03:11.830  INFO 45963 --- [           main] o.s.t.web.servlet.TestDispatcherServlet  : Initializing Servlet ''
2020-09-22 21:03:11.830  INFO 45963 --- [           main] o.s.t.web.servlet.TestDispatcherServlet  : Completed initialization in 0 ms
2020-09-22 21:03:11.845  INFO 45963 --- [           main] o.s.mock.web.MockServletContext          : Initializing Spring TestDispatcherServlet ''
2020-09-22 21:03:11.845  INFO 45963 --- [           main] o.s.t.web.servlet.TestDispatcherServlet  : Initializing Servlet ''
2020-09-22 21:03:11.846  INFO 45963 --- [           main] o.s.t.web.servlet.TestDispatcherServlet  : Completed initialization in 1 ms
2020-09-22 21:03:11.861  INFO 45963 --- [           main] o.s.mock.web.MockServletContext          : Initializing Spring TestDispatcherServlet ''
2020-09-22 21:03:11.861  INFO 45963 --- [           main] o.s.t.web.servlet.TestDispatcherServlet  : Initializing Servlet ''
2020-09-22 21:03:11.862  INFO 45963 --- [           main] o.s.t.web.servlet.TestDispatcherServlet  : Completed initialization in 1 ms
2020-09-22 21:03:11.874  INFO 45963 --- [           main] o.s.mock.web.MockServletContext          : Initializing Spring TestDispatcherServlet ''
2020-09-22 21:03:11.874  INFO 45963 --- [           main] o.s.t.web.servlet.TestDispatcherServlet  : Initializing Servlet ''
2020-09-22 21:03:11.874  INFO 45963 --- [           main] o.s.t.web.servlet.TestDispatcherServlet  : Completed initialization in 0 ms
2020-09-22 21:03:11.885  WARN 45963 --- [           main] .w.s.m.s.DefaultHandlerExceptionResolver : Resolved [org.springframework.http.converter.HttpMessageNotReadableException: JSON parse error: text; nested exception is com.fasterxml.jackson.databind.JsonMappingException: text
 at [Source: (PushbackInputStream); line: 5, column: 18] (through reference chain: com.rmit.sept.assignment.initial.model.Hours["start"])]
2020-09-22 21:03:11.896  INFO 45963 --- [           main] o.s.mock.web.MockServletContext          : Initializing Spring TestDispatcherServlet ''
2020-09-22 21:03:11.896  INFO 45963 --- [           main] o.s.t.web.servlet.TestDispatcherServlet  : Initializing Servlet ''
2020-09-22 21:03:11.896  INFO 45963 --- [           main] o.s.t.web.servlet.TestDispatcherServlet  : Completed initialization in 0 ms
2020-09-22 21:03:11.913  INFO 45963 --- [           main] o.s.mock.web.MockServletContext          : Initializing Spring TestDispatcherServlet ''
2020-09-22 21:03:11.913  INFO 45963 --- [           main] o.s.t.web.servlet.TestDispatcherServlet  : Initializing Servlet ''
2020-09-22 21:03:11.913  INFO 45963 --- [           main] o.s.t.web.servlet.TestDispatcherServlet  : Completed initialization in 0 ms
2020-09-22 21:03:11.915  WARN 45963 --- [           main] .w.s.m.s.DefaultHandlerExceptionResolver : Resolved [org.springframework.web.bind.UnsatisfiedServletRequestParameterException: Parameter conditions "dayOfWeek" not met for actual request parameters: ]
2020-09-22 21:03:11.924  INFO 45963 --- [           main] o.s.mock.web.MockServletContext          : Initializing Spring TestDispatcherServlet ''
2020-09-22 21:03:11.925  INFO 45963 --- [           main] o.s.t.web.servlet.TestDispatcherServlet  : Initializing Servlet ''
2020-09-22 21:03:11.925  INFO 45963 --- [           main] o.s.t.web.servlet.TestDispatcherServlet  : Completed initialization in 0 ms
2020-09-22 21:03:11.936  INFO 45963 --- [           main] o.s.mock.web.MockServletContext          : Initializing Spring TestDispatcherServlet ''
2020-09-22 21:03:11.936  INFO 45963 --- [           main] o.s.t.web.servlet.TestDispatcherServlet  : Initializing Servlet ''
2020-09-22 21:03:11.937  INFO 45963 --- [           main] o.s.t.web.servlet.TestDispatcherServlet  : Completed initialization in 1 ms
2020-09-22 21:03:11.947  INFO 45963 --- [           main] o.s.mock.web.MockServletContext          : Initializing Spring TestDispatcherServlet ''
2020-09-22 21:03:11.947  INFO 45963 --- [           main] o.s.t.web.servlet.TestDispatcherServlet  : Initializing Servlet ''
2020-09-22 21:03:11.948  INFO 45963 --- [           main] o.s.t.web.servlet.TestDispatcherServlet  : Completed initialization in 1 ms
[INFO] Tests run: 10, Failures: 0, Errors: 0, Skipped: 0, Time elapsed: 1.156 s - in com.rmit.sept.assignment.initial.web.HoursControllerTest
[INFO] Running com.rmit.sept.assignment.initial.service.UserServiceTest
2020-09-22 21:03:11.953  INFO 45963 --- [           main] .b.t.c.SpringBootTestContextBootstrapper : Neither @ContextConfiguration nor @ContextHierarchy found for test class [com.rmit.sept.assignment.initial.service.UserServiceTest], using SpringBootContextLoader
2020-09-22 21:03:11.954  INFO 45963 --- [           main] o.s.t.c.support.AbstractContextLoader    : Could not detect default resource locations for test class [com.rmit.sept.assignment.initial.service.UserServiceTest]: no resource found for suffixes {-context.xml, Context.groovy}.
2020-09-22 21:03:11.954  INFO 45963 --- [           main] t.c.s.AnnotationConfigContextLoaderUtils : Could not detect default configuration classes for test class [com.rmit.sept.assignment.initial.service.UserServiceTest]: UserServiceTest does not declare any static, non-private, non-final, nested classes annotated with @Configuration.
2020-09-22 21:03:11.962  INFO 45963 --- [           main] .b.t.c.SpringBootTestContextBootstrapper : Found @SpringBootConfiguration com.rmit.sept.assignment.initial.InitialApplication for test class com.rmit.sept.assignment.initial.service.UserServiceTest
2020-09-22 21:03:11.964  INFO 45963 --- [           main] .b.t.c.SpringBootTestContextBootstrapper : Loaded default TestExecutionListener class names from location [META-INF/spring.factories]: [org.springframework.boot.test.mock.mockito.MockitoTestExecutionListener, org.springframework.boot.test.mock.mockito.ResetMocksTestExecutionListener, org.springframework.boot.test.autoconfigure.restdocs.RestDocsTestExecutionListener, org.springframework.boot.test.autoconfigure.web.client.MockRestServiceServerResetTestExecutionListener, org.springframework.boot.test.autoconfigure.web.servlet.MockMvcPrintOnlyOnFailureTestExecutionListener, org.springframework.boot.test.autoconfigure.web.servlet.WebDriverTestExecutionListener, org.springframework.boot.test.autoconfigure.webservices.client.MockWebServiceServerTestExecutionListener, org.springframework.test.context.web.ServletTestExecutionListener, org.springframework.test.context.support.DirtiesContextBeforeModesTestExecutionListener, org.springframework.test.context.support.DependencyInjectionTestExecutionListener, org.springframework.test.context.support.DirtiesContextTestExecutionListener, org.springframework.test.context.transaction.TransactionalTestExecutionListener, org.springframework.test.context.jdbc.SqlScriptsTestExecutionListener, org.springframework.test.context.event.EventPublishingTestExecutionListener]
2020-09-22 21:03:11.964  INFO 45963 --- [           main] .b.t.c.SpringBootTestContextBootstrapper : Using TestExecutionListeners: [org.springframework.test.context.web.ServletTestExecutionListener@2689b752, org.springframework.test.context.support.DirtiesContextBeforeModesTestExecutionListener@84eafc2, org.springframework.boot.test.mock.mockito.MockitoTestExecutionListener@4440750, org.springframework.boot.test.autoconfigure.SpringBootDependencyInjectionTestExecutionListener@63d9e1a, org.springframework.test.context.support.DirtiesContextTestExecutionListener@6d658aa8, org.springframework.test.context.transaction.TransactionalTestExecutionListener@10280879, org.springframework.test.context.jdbc.SqlScriptsTestExecutionListener@3472f3ab, org.springframework.test.context.event.EventPublishingTestExecutionListener@5e557671, org.springframework.boot.test.mock.mockito.ResetMocksTestExecutionListener@1f2497d9, org.springframework.boot.test.autoconfigure.restdocs.RestDocsTestExecutionListener@4f1f2f84, org.springframework.boot.test.autoconfigure.web.client.MockRestServiceServerResetTestExecutionListener@6c537267, org.springframework.boot.test.autoconfigure.web.servlet.MockMvcPrintOnlyOnFailureTestExecutionListener@19c06762, org.springframework.boot.test.autoconfigure.web.servlet.WebDriverTestExecutionListener@22e1a1dc, org.springframework.boot.test.autoconfigure.webservices.client.MockWebServiceServerTestExecutionListener@14b4d90b]
  .   ____          _            __ _ _
 /\\ / ___'_ __ _ _(_)_ __  __ _ \ \ \ \
( ( )\___ | '_ | '_| | '_ \/ _` | \ \ \ \
 \\/  ___)| |_)| | | | | || (_| |  ) ) ) )
  '  |____| .__|_| |_|_| |_\__, | / / / /
 =========|_|==============|___/=/_/_/_/
 :: Spring Boot ::        (v2.3.2.RELEASE)
2020-09-22 21:03:11.987  INFO 45963 --- [           main] c.r.s.a.initial.service.UserServiceTest  : Starting UserServiceTest on Donald.local with PID 45963 (started by University in /Users/University/Documents/GitHub/majorproject-2-thurs-18-30-5/BackEnd)
2020-09-22 21:03:11.987  INFO 45963 --- [           main] c.r.s.a.initial.service.UserServiceTest  : The following profiles are active: test
2020-09-22 21:03:12.119  INFO 45963 --- [           main] .s.d.r.c.RepositoryConfigurationDelegate : Bootstrapping Spring Data JPA repositories in DEFAULT mode.
2020-09-22 21:03:12.131  INFO 45963 --- [           main] .s.d.r.c.RepositoryConfigurationDelegate : Finished Spring Data repository scanning in 12ms. Found 5 JPA repository interfaces.
2020-09-22 21:03:12.271  INFO 45963 --- [           main] o.hibernate.jpa.internal.util.LogHelper  : HHH000204: Processing PersistenceUnitInfo [name: default]
2020-09-22 21:03:12.275  INFO 45963 --- [           main] com.zaxxer.hikari.HikariDataSource       : HikariPool-4 - Starting...
2020-09-22 21:03:12.276  INFO 45963 --- [           main] com.zaxxer.hikari.HikariDataSource       : HikariPool-4 - Start completed.
2020-09-22 21:03:12.276  INFO 45963 --- [           main] org.hibernate.dialect.Dialect            : HHH000400: Using dialect: org.hibernate.dialect.H2Dialect
2020-09-22 21:03:12.392  INFO 45963 --- [           main] o.h.e.t.j.p.i.JtaPlatformInitiator       : HHH000490: Using JtaPlatform implementation: [org.hibernate.engine.transaction.jta.platform.internal.NoJtaPlatform]
2020-09-22 21:03:12.392  INFO 45963 --- [           main] j.LocalContainerEntityManagerFactoryBean : Initialized JPA EntityManagerFactory for persistence unit 'default'
2020-09-22 21:03:12.627  WARN 45963 --- [           main] JpaBaseConfiguration$JpaWebConfiguration : spring.jpa.open-in-view is enabled by default. Therefore, database queries may be performed during view rendering. Explicitly configure spring.jpa.open-in-view to disable this warning
2020-09-22 21:03:12.712  INFO 45963 --- [           main] o.s.s.concurrent.ThreadPoolTaskExecutor  : Initializing ExecutorService 'applicationTaskExecutor'
2020-09-22 21:03:12.848  INFO 45963 --- [           main] o.s.b.a.h2.H2ConsoleAutoConfiguration    : H2 console available at '/h2-console'. Database available at 'jdbc:h2:file:~/test/sept-db'
2020-09-22 21:03:12.889  INFO 45963 --- [           main] c.r.s.a.initial.service.UserServiceTest  : Started UserServiceTest in 0.922 seconds (JVM running for 9.153)
[INFO] Tests run: 9, Failures: 0, Errors: 0, Skipped: 0, Time elapsed: 1.565 s - in com.rmit.sept.assignment.initial.service.UserServiceTest
[INFO] Running com.rmit.sept.assignment.initial.service.HoursServiceTest
2020-09-22 21:03:13.525  INFO 45963 --- [           main] .b.t.c.SpringBootTestContextBootstrapper : Neither @ContextConfiguration nor @ContextHierarchy found for test class [com.rmit.sept.assignment.initial.service.HoursServiceTest], using SpringBootContextLoader
2020-09-22 21:03:13.525  INFO 45963 --- [           main] o.s.t.c.support.AbstractContextLoader    : Could not detect default resource locations for test class [com.rmit.sept.assignment.initial.service.HoursServiceTest]: no resource found for suffixes {-context.xml, Context.groovy}.
2020-09-22 21:03:13.525  INFO 45963 --- [           main] t.c.s.AnnotationConfigContextLoaderUtils : Could not detect default configuration classes for test class [com.rmit.sept.assignment.initial.service.HoursServiceTest]: HoursServiceTest does not declare any static, non-private, non-final, nested classes annotated with @Configuration.
2020-09-22 21:03:13.527  INFO 45963 --- [           main] .b.t.c.SpringBootTestContextBootstrapper : Found @SpringBootConfiguration com.rmit.sept.assignment.initial.InitialApplication for test class com.rmit.sept.assignment.initial.service.HoursServiceTest
2020-09-22 21:03:13.529  INFO 45963 --- [           main] .b.t.c.SpringBootTestContextBootstrapper : Loaded default TestExecutionListener class names from location [META-INF/spring.factories]: [org.springframework.boot.test.mock.mockito.MockitoTestExecutionListener, org.springframework.boot.test.mock.mockito.ResetMocksTestExecutionListener, org.springframework.boot.test.autoconfigure.restdocs.RestDocsTestExecutionListener, org.springframework.boot.test.autoconfigure.web.client.MockRestServiceServerResetTestExecutionListener, org.springframework.boot.test.autoconfigure.web.servlet.MockMvcPrintOnlyOnFailureTestExecutionListener, org.springframework.boot.test.autoconfigure.web.servlet.WebDriverTestExecutionListener, org.springframework.boot.test.autoconfigure.webservices.client.MockWebServiceServerTestExecutionListener, org.springframework.test.context.web.ServletTestExecutionListener, org.springframework.test.context.support.DirtiesContextBeforeModesTestExecutionListener, org.springframework.test.context.support.DependencyInjectionTestExecutionListener, org.springframework.test.context.support.DirtiesContextTestExecutionListener, org.springframework.test.context.transaction.TransactionalTestExecutionListener, org.springframework.test.context.jdbc.SqlScriptsTestExecutionListener, org.springframework.test.context.event.EventPublishingTestExecutionListener]
2020-09-22 21:03:13.529  INFO 45963 --- [           main] .b.t.c.SpringBootTestContextBootstrapper : Using TestExecutionListeners: [org.springframework.test.context.web.ServletTestExecutionListener@4bd1b07d, org.springframework.test.context.support.DirtiesContextBeforeModesTestExecutionListener@7789526e, org.springframework.boot.test.mock.mockito.MockitoTestExecutionListener@5fafd099, org.springframework.boot.test.autoconfigure.SpringBootDependencyInjectionTestExecutionListener@580e01cd, org.springframework.test.context.support.DirtiesContextTestExecutionListener@1e9a10e9, org.springframework.test.context.transaction.TransactionalTestExecutionListener@233d2b76, org.springframework.test.context.jdbc.SqlScriptsTestExecutionListener@2370c90, org.springframework.test.context.event.EventPublishingTestExecutionListener@2a9f7572, org.springframework.boot.test.mock.mockito.ResetMocksTestExecutionListener@644c3590, org.springframework.boot.test.autoconfigure.restdocs.RestDocsTestExecutionListener@2e60d4f4, org.springframework.boot.test.autoconfigure.web.client.MockRestServiceServerResetTestExecutionListener@14091e24, org.springframework.boot.test.autoconfigure.web.servlet.MockMvcPrintOnlyOnFailureTestExecutionListener@45ecdd32, org.springframework.boot.test.autoconfigure.web.servlet.WebDriverTestExecutionListener@408980aa, org.springframework.boot.test.autoconfigure.webservices.client.MockWebServiceServerTestExecutionListener@68e62b3b]
  .   ____          _            __ _ _
 /\\ / ___'_ __ _ _(_)_ __  __ _ \ \ \ \
( ( )\___ | '_ | '_| | '_ \/ _` | \ \ \ \
 \\/  ___)| |_)| | | | | || (_| |  ) ) ) )
  '  |____| .__|_| |_|_| |_\__, | / / / /
 =========|_|==============|___/=/_/_/_/
 :: Spring Boot ::        (v2.3.2.RELEASE)
2020-09-22 21:03:13.554  INFO 45963 --- [           main] c.r.s.a.i.service.HoursServiceTest       : Starting HoursServiceTest on Donald.local with PID 45963 (started by University in /Users/University/Documents/GitHub/majorproject-2-thurs-18-30-5/BackEnd)
2020-09-22 21:03:13.554  INFO 45963 --- [           main] c.r.s.a.i.service.HoursServiceTest       : The following profiles are active: test
2020-09-22 21:03:13.670  INFO 45963 --- [           main] .s.d.r.c.RepositoryConfigurationDelegate : Bootstrapping Spring Data JPA repositories in DEFAULT mode.
2020-09-22 21:03:13.683  INFO 45963 --- [           main] .s.d.r.c.RepositoryConfigurationDelegate : Finished Spring Data repository scanning in 12ms. Found 5 JPA repository interfaces.
2020-09-22 21:03:13.831  INFO 45963 --- [           main] o.hibernate.jpa.internal.util.LogHelper  : HHH000204: Processing PersistenceUnitInfo [name: default]
2020-09-22 21:03:13.837  INFO 45963 --- [           main] com.zaxxer.hikari.HikariDataSource       : HikariPool-5 - Starting...
2020-09-22 21:03:13.838  INFO 45963 --- [           main] com.zaxxer.hikari.HikariDataSource       : HikariPool-5 - Start completed.
2020-09-22 21:03:13.838  INFO 45963 --- [           main] org.hibernate.dialect.Dialect            : HHH000400: Using dialect: org.hibernate.dialect.H2Dialect
2020-09-22 21:03:13.957  INFO 45963 --- [           main] o.h.e.t.j.p.i.JtaPlatformInitiator       : HHH000490: Using JtaPlatform implementation: [org.hibernate.engine.transaction.jta.platform.internal.NoJtaPlatform]
2020-09-22 21:03:13.957  INFO 45963 --- [           main] j.LocalContainerEntityManagerFactoryBean : Initialized JPA EntityManagerFactory for persistence unit 'default'
2020-09-22 21:03:14.149  WARN 45963 --- [           main] JpaBaseConfiguration$JpaWebConfiguration : spring.jpa.open-in-view is enabled by default. Therefore, database queries may be performed during view rendering. Explicitly configure spring.jpa.open-in-view to disable this warning
2020-09-22 21:03:14.243  INFO 45963 --- [           main] o.s.s.concurrent.ThreadPoolTaskExecutor  : Initializing ExecutorService 'applicationTaskExecutor'
2020-09-22 21:03:14.416  INFO 45963 --- [           main] o.s.b.a.h2.H2ConsoleAutoConfiguration    : H2 console available at '/h2-console'. Database available at 'jdbc:h2:file:~/test/sept-db'
2020-09-22 21:03:14.456  INFO 45963 --- [           main] c.r.s.a.i.service.HoursServiceTest       : Started HoursServiceTest in 0.925 seconds (JVM running for 10.72)
Hibernate: select user0_.id as id1_3_1_, user0_.address as address2_3_1_, user0_.created_at as created_3_3_1_, user0_.first_name as first_na4_3_1_, user0_.last_name as last_nam5_3_1_, user0_.password as password6_3_1_, user0_.updated_at as updated_7_3_1_, user0_.username as username8_3_1_, bookings1_.user_id as user_id7_0_3_, bookings1_.id as id1_0_3_, bookings1_.id as id1_0_0_, bookings1_.created_at as created_2_0_0_, bookings1_.end as end3_0_0_, bookings1_.start as start4_0_0_, bookings1_.status as status5_0_0_, bookings1_.updated_at as updated_6_0_0_, bookings1_.user_id as user_id7_0_0_, bookings1_.worker_id as worker_i8_0_0_ from user user0_ left outer join booking bookings1_ on user0_.id=bookings1_.user_id where user0_.id=?
Hibernate: update user set address=?, created_at=?, first_name=?, last_name=?, password=?, updated_at=?, username=? where id=?
Hibernate: select user0_.id as id1_3_0_, user0_.address as address2_3_0_, user0_.created_at as created_3_3_0_, user0_.first_name as first_na4_3_0_, user0_.last_name as last_nam5_3_0_, user0_.password as password6_3_0_, user0_.updated_at as updated_7_3_0_, user0_.username as username8_3_0_ from user user0_ where user0_.id=?
*****************ADDING USERS*****************
user and worker created = false
*****************CLEAN UP*****************
hours removed = true
Hibernate: select user0_.id as id1_3_1_, user0_.address as address2_3_1_, user0_.created_at as created_3_3_1_, user0_.first_name as first_na4_3_1_, user0_.last_name as last_nam5_3_1_, user0_.password as password6_3_1_, user0_.updated_at as updated_7_3_1_, user0_.username as username8_3_1_, bookings1_.user_id as user_id7_0_3_, bookings1_.id as id1_0_3_, bookings1_.id as id1_0_0_, bookings1_.created_at as created_2_0_0_, bookings1_.end as end3_0_0_, bookings1_.start as start4_0_0_, bookings1_.status as status5_0_0_, bookings1_.updated_at as updated_6_0_0_, bookings1_.user_id as user_id7_0_0_, bookings1_.worker_id as worker_i8_0_0_ from user user0_ left outer join booking bookings1_ on user0_.id=bookings1_.user_id where user0_.id=?
Hibernate: update user set address=?, created_at=?, first_name=?, last_name=?, password=?, updated_at=?, username=? where id=?
Hibernate: select user0_.id as id1_3_0_, user0_.address as address2_3_0_, user0_.created_at as created_3_3_0_, user0_.first_name as first_na4_3_0_, user0_.last_name as last_nam5_3_0_, user0_.password as password6_3_0_, user0_.updated_at as updated_7_3_0_, user0_.username as username8_3_0_ from user user0_ where user0_.id=?
*****************ADDING USERS*****************
user and worker created = false
*****************CLEAN UP*****************
hours removed = true
Hibernate: select user0_.id as id1_3_1_, user0_.address as address2_3_1_, user0_.created_at as created_3_3_1_, user0_.first_name as first_na4_3_1_, user0_.last_name as last_nam5_3_1_, user0_.password as password6_3_1_, user0_.updated_at as updated_7_3_1_, user0_.username as username8_3_1_, bookings1_.user_id as user_id7_0_3_, bookings1_.id as id1_0_3_, bookings1_.id as id1_0_0_, bookings1_.created_at as created_2_0_0_, bookings1_.end as end3_0_0_, bookings1_.start as start4_0_0_, bookings1_.status as status5_0_0_, bookings1_.updated_at as updated_6_0_0_, bookings1_.user_id as user_id7_0_0_, bookings1_.worker_id as worker_i8_0_0_ from user user0_ left outer join booking bookings1_ on user0_.id=bookings1_.user_id where user0_.id=?
Hibernate: update user set address=?, created_at=?, first_name=?, last_name=?, password=?, updated_at=?, username=? where id=?
Hibernate: select user0_.id as id1_3_0_, user0_.address as address2_3_0_, user0_.created_at as created_3_3_0_, user0_.first_name as first_na4_3_0_, user0_.last_name as last_nam5_3_0_, user0_.password as password6_3_0_, user0_.updated_at as updated_7_3_0_, user0_.username as username8_3_0_ from user user0_ where user0_.id=?
*****************ADDING USERS*****************
user and worker created = false
*****************CLEAN UP*****************
hours removed = true
Hibernate: select user0_.id as id1_3_1_, user0_.address as address2_3_1_, user0_.created_at as created_3_3_1_, user0_.first_name as first_na4_3_1_, user0_.last_name as last_nam5_3_1_, user0_.password as password6_3_1_, user0_.updated_at as updated_7_3_1_, user0_.username as username8_3_1_, bookings1_.user_id as user_id7_0_3_, bookings1_.id as id1_0_3_, bookings1_.id as id1_0_0_, bookings1_.created_at as created_2_0_0_, bookings1_.end as end3_0_0_, bookings1_.start as start4_0_0_, bookings1_.status as status5_0_0_, bookings1_.updated_at as updated_6_0_0_, bookings1_.user_id as user_id7_0_0_, bookings1_.worker_id as worker_i8_0_0_ from user user0_ left outer join booking bookings1_ on user0_.id=bookings1_.user_id where user0_.id=?
Hibernate: update user set address=?, created_at=?, first_name=?, last_name=?, password=?, updated_at=?, username=? where id=?
Hibernate: select user0_.id as id1_3_0_, user0_.address as address2_3_0_, user0_.created_at as created_3_3_0_, user0_.first_name as first_na4_3_0_, user0_.last_name as last_nam5_3_0_, user0_.password as password6_3_0_, user0_.updated_at as updated_7_3_0_, user0_.username as username8_3_0_ from user user0_ where user0_.id=?
*****************ADDING USERS*****************
user and worker created = false
*****************CLEAN UP*****************
hours removed = true
Hibernate: select user0_.id as id1_3_1_, user0_.address as address2_3_1_, user0_.created_at as created_3_3_1_, user0_.first_name as first_na4_3_1_, user0_.last_name as last_nam5_3_1_, user0_.password as password6_3_1_, user0_.updated_at as updated_7_3_1_, user0_.username as username8_3_1_, bookings1_.user_id as user_id7_0_3_, bookings1_.id as id1_0_3_, bookings1_.id as id1_0_0_, bookings1_.created_at as created_2_0_0_, bookings1_.end as end3_0_0_, bookings1_.start as start4_0_0_, bookings1_.status as status5_0_0_, bookings1_.updated_at as updated_6_0_0_, bookings1_.user_id as user_id7_0_0_, bookings1_.worker_id as worker_i8_0_0_ from user user0_ left outer join booking bookings1_ on user0_.id=bookings1_.user_id where user0_.id=?
Hibernate: update user set address=?, created_at=?, first_name=?, last_name=?, password=?, updated_at=?, username=? where id=?
Hibernate: select user0_.id as id1_3_0_, user0_.address as address2_3_0_, user0_.created_at as created_3_3_0_, user0_.first_name as first_na4_3_0_, user0_.last_name as last_nam5_3_0_, user0_.password as password6_3_0_, user0_.updated_at as updated_7_3_0_, user0_.username as username8_3_0_ from user user0_ where user0_.id=?
*****************ADDING USERS*****************
user and worker created = false
*****************CLEAN UP*****************
hours removed = true
Hibernate: select user0_.id as id1_3_1_, user0_.address as address2_3_1_, user0_.created_at as created_3_3_1_, user0_.first_name as first_na4_3_1_, user0_.last_name as last_nam5_3_1_, user0_.password as password6_3_1_, user0_.updated_at as updated_7_3_1_, user0_.username as username8_3_1_, bookings1_.user_id as user_id7_0_3_, bookings1_.id as id1_0_3_, bookings1_.id as id1_0_0_, bookings1_.created_at as created_2_0_0_, bookings1_.end as end3_0_0_, bookings1_.start as start4_0_0_, bookings1_.status as status5_0_0_, bookings1_.updated_at as updated_6_0_0_, bookings1_.user_id as user_id7_0_0_, bookings1_.worker_id as worker_i8_0_0_ from user user0_ left outer join booking bookings1_ on user0_.id=bookings1_.user_id where user0_.id=?
Hibernate: update user set address=?, created_at=?, first_name=?, last_name=?, password=?, updated_at=?, username=? where id=?
Hibernate: select user0_.id as id1_3_0_, user0_.address as address2_3_0_, user0_.created_at as created_3_3_0_, user0_.first_name as first_na4_3_0_, user0_.last_name as last_nam5_3_0_, user0_.password as password6_3_0_, user0_.updated_at as updated_7_3_0_, user0_.username as username8_3_0_ from user user0_ where user0_.id=?
*****************ADDING USERS*****************
user and worker created = false
*****************CLEAN UP*****************
hours removed = false
Hibernate: select user0_.id as id1_3_1_, user0_.address as address2_3_1_, user0_.created_at as created_3_3_1_, user0_.first_name as first_na4_3_1_, user0_.last_name as last_nam5_3_1_, user0_.password as password6_3_1_, user0_.updated_at as updated_7_3_1_, user0_.username as username8_3_1_, bookings1_.user_id as user_id7_0_3_, bookings1_.id as id1_0_3_, bookings1_.id as id1_0_0_, bookings1_.created_at as created_2_0_0_, bookings1_.end as end3_0_0_, bookings1_.start as start4_0_0_, bookings1_.status as status5_0_0_, bookings1_.updated_at as updated_6_0_0_, bookings1_.user_id as user_id7_0_0_, bookings1_.worker_id as worker_i8_0_0_ from user user0_ left outer join booking bookings1_ on user0_.id=bookings1_.user_id where user0_.id=?
Hibernate: update user set address=?, created_at=?, first_name=?, last_name=?, password=?, updated_at=?, username=? where id=?
Hibernate: select user0_.id as id1_3_0_, user0_.address as address2_3_0_, user0_.created_at as created_3_3_0_, user0_.first_name as first_na4_3_0_, user0_.last_name as last_nam5_3_0_, user0_.password as password6_3_0_, user0_.updated_at as updated_7_3_0_, user0_.username as username8_3_0_ from user user0_ where user0_.id=?
*****************ADDING USERS*****************
user and worker created = false
*****************CLEAN UP*****************
hours removed = true
Hibernate: select user0_.id as id1_3_1_, user0_.address as address2_3_1_, user0_.created_at as created_3_3_1_, user0_.first_name as first_na4_3_1_, user0_.last_name as last_nam5_3_1_, user0_.password as password6_3_1_, user0_.updated_at as updated_7_3_1_, user0_.username as username8_3_1_, bookings1_.user_id as user_id7_0_3_, bookings1_.id as id1_0_3_, bookings1_.id as id1_0_0_, bookings1_.created_at as created_2_0_0_, bookings1_.end as end3_0_0_, bookings1_.start as start4_0_0_, bookings1_.status as status5_0_0_, bookings1_.updated_at as updated_6_0_0_, bookings1_.user_id as user_id7_0_0_, bookings1_.worker_id as worker_i8_0_0_ from user user0_ left outer join booking bookings1_ on user0_.id=bookings1_.user_id where user0_.id=?
Hibernate: update user set address=?, created_at=?, first_name=?, last_name=?, password=?, updated_at=?, username=? where id=?
Hibernate: select user0_.id as id1_3_0_, user0_.address as address2_3_0_, user0_.created_at as created_3_3_0_, user0_.first_name as first_na4_3_0_, user0_.last_name as last_nam5_3_0_, user0_.password as password6_3_0_, user0_.updated_at as updated_7_3_0_, user0_.username as username8_3_0_ from user user0_ where user0_.id=?
*****************ADDING USERS*****************
user and worker created = false
*****************CLEAN UP*****************
hours removed = true
[INFO] Tests run: 8, Failures: 0, Errors: 0, Skipped: 0, Time elapsed: 1.965 s - in com.rmit.sept.assignment.initial.service.HoursServiceTest
[INFO] Running com.rmit.sept.assignment.initial.service.UtilitiesTest
2020-09-22 21:03:15.495  INFO 45963 --- [           main] .b.t.c.SpringBootTestContextBootstrapper : Neither @ContextConfiguration nor @ContextHierarchy found for test class [com.rmit.sept.assignment.initial.service.UtilitiesTest], using SpringBootContextLoader
2020-09-22 21:03:15.496  INFO 45963 --- [           main] o.s.t.c.support.AbstractContextLoader    : Could not detect default resource locations for test class [com.rmit.sept.assignment.initial.service.UtilitiesTest]: no resource found for suffixes {-context.xml, Context.groovy}.
2020-09-22 21:03:15.496  INFO 45963 --- [           main] t.c.s.AnnotationConfigContextLoaderUtils : Could not detect default configuration classes for test class [com.rmit.sept.assignment.initial.service.UtilitiesTest]: UtilitiesTest does not declare any static, non-private, non-final, nested classes annotated with @Configuration.
2020-09-22 21:03:15.497  INFO 45963 --- [           main] .b.t.c.SpringBootTestContextBootstrapper : Found @SpringBootConfiguration com.rmit.sept.assignment.initial.InitialApplication for test class com.rmit.sept.assignment.initial.service.UtilitiesTest
2020-09-22 21:03:15.499  INFO 45963 --- [           main] .b.t.c.SpringBootTestContextBootstrapper : Loaded default TestExecutionListener class names from location [META-INF/spring.factories]: [org.springframework.boot.test.mock.mockito.MockitoTestExecutionListener, org.springframework.boot.test.mock.mockito.ResetMocksTestExecutionListener, org.springframework.boot.test.autoconfigure.restdocs.RestDocsTestExecutionListener, org.springframework.boot.test.autoconfigure.web.client.MockRestServiceServerResetTestExecutionListener, org.springframework.boot.test.autoconfigure.web.servlet.MockMvcPrintOnlyOnFailureTestExecutionListener, org.springframework.boot.test.autoconfigure.web.servlet.WebDriverTestExecutionListener, org.springframework.boot.test.autoconfigure.webservices.client.MockWebServiceServerTestExecutionListener, org.springframework.test.context.web.ServletTestExecutionListener, org.springframework.test.context.support.DirtiesContextBeforeModesTestExecutionListener, org.springframework.test.context.support.DependencyInjectionTestExecutionListener, org.springframework.test.context.support.DirtiesContextTestExecutionListener, org.springframework.test.context.transaction.TransactionalTestExecutionListener, org.springframework.test.context.jdbc.SqlScriptsTestExecutionListener, org.springframework.test.context.event.EventPublishingTestExecutionListener]
2020-09-22 21:03:15.499  INFO 45963 --- [           main] .b.t.c.SpringBootTestContextBootstrapper : Using TestExecutionListeners: [org.springframework.test.context.web.ServletTestExecutionListener@64ba5a71, org.springframework.test.context.support.DirtiesContextBeforeModesTestExecutionListener@72b689f6, org.springframework.boot.test.mock.mockito.MockitoTestExecutionListener@2286dfcd, org.springframework.boot.test.autoconfigure.SpringBootDependencyInjectionTestExecutionListener@4557723a, org.springframework.test.context.support.DirtiesContextTestExecutionListener@7308d133, org.springframework.test.context.transaction.TransactionalTestExecutionListener@35b70f9d, org.springframework.test.context.jdbc.SqlScriptsTestExecutionListener@21dbd651, org.springframework.test.context.event.EventPublishingTestExecutionListener@5f63a6f2, org.springframework.boot.test.mock.mockito.ResetMocksTestExecutionListener@6a577564, org.springframework.boot.test.autoconfigure.restdocs.RestDocsTestExecutionListener@67915454, org.springframework.boot.test.autoconfigure.web.client.MockRestServiceServerResetTestExecutionListener@18876fa9, org.springframework.boot.test.autoconfigure.web.servlet.MockMvcPrintOnlyOnFailureTestExecutionListener@5a110e7d, org.springframework.boot.test.autoconfigure.web.servlet.WebDriverTestExecutionListener@b3cbc0e, org.springframework.boot.test.autoconfigure.webservices.client.MockWebServiceServerTestExecutionListener@66e27ac9]
  .   ____          _            __ _ _
 /\\ / ___'_ __ _ _(_)_ __  __ _ \ \ \ \
( ( )\___ | '_ | '_| | '_ \/ _` | \ \ \ \
 \\/  ___)| |_)| | | | | || (_| |  ) ) ) )
  '  |____| .__|_| |_|_| |_\__, | / / / /
 =========|_|==============|___/=/_/_/_/
 :: Spring Boot ::        (v2.3.2.RELEASE)
2020-09-22 21:03:15.520  INFO 45963 --- [           main] c.r.s.a.initial.service.UtilitiesTest    : Starting UtilitiesTest on Donald.local with PID 45963 (started by University in /Users/University/Documents/GitHub/majorproject-2-thurs-18-30-5/BackEnd)
2020-09-22 21:03:15.520  INFO 45963 --- [           main] c.r.s.a.initial.service.UtilitiesTest    : The following profiles are active: test
2020-09-22 21:03:15.645  INFO 45963 --- [           main] .s.d.r.c.RepositoryConfigurationDelegate : Bootstrapping Spring Data JPA repositories in DEFAULT mode.
2020-09-22 21:03:15.656  INFO 45963 --- [           main] .s.d.r.c.RepositoryConfigurationDelegate : Finished Spring Data repository scanning in 11ms. Found 5 JPA repository interfaces.
2020-09-22 21:03:15.762  INFO 45963 --- [           main] o.hibernate.jpa.internal.util.LogHelper  : HHH000204: Processing PersistenceUnitInfo [name: default]
2020-09-22 21:03:15.766  INFO 45963 --- [           main] com.zaxxer.hikari.HikariDataSource       : HikariPool-6 - Starting...
2020-09-22 21:03:15.768  INFO 45963 --- [           main] com.zaxxer.hikari.HikariDataSource       : HikariPool-6 - Start completed.
2020-09-22 21:03:15.768  INFO 45963 --- [           main] org.hibernate.dialect.Dialect            : HHH000400: Using dialect: org.hibernate.dialect.H2Dialect
2020-09-22 21:03:15.883  INFO 45963 --- [           main] o.h.e.t.j.p.i.JtaPlatformInitiator       : HHH000490: Using JtaPlatform implementation: [org.hibernate.engine.transaction.jta.platform.internal.NoJtaPlatform]
2020-09-22 21:03:15.884  INFO 45963 --- [           main] j.LocalContainerEntityManagerFactoryBean : Initialized JPA EntityManagerFactory for persistence unit 'default'
2020-09-22 21:03:16.116  WARN 45963 --- [           main] JpaBaseConfiguration$JpaWebConfiguration : spring.jpa.open-in-view is enabled by default. Therefore, database queries may be performed during view rendering. Explicitly configure spring.jpa.open-in-view to disable this warning
2020-09-22 21:03:16.221  INFO 45963 --- [           main] o.s.s.concurrent.ThreadPoolTaskExecutor  : Initializing ExecutorService 'applicationTaskExecutor'
2020-09-22 21:03:16.366  INFO 45963 --- [           main] o.s.b.a.h2.H2ConsoleAutoConfiguration    : H2 console available at '/h2-console'. Database available at 'jdbc:h2:file:~/test/sept-db'
2020-09-22 21:03:16.407  INFO 45963 --- [           main] c.r.s.a.initial.service.UtilitiesTest    : Started UtilitiesTest in 0.905 seconds (JVM running for 12.671)
[INFO] Tests run: 4, Failures: 0, Errors: 0, Skipped: 0, Time elapsed: 0.923 s - in com.rmit.sept.assignment.initial.service.UtilitiesTest
[INFO] Running com.rmit.sept.assignment.initial.service.BookingServiceTest
2020-09-22 21:03:16.423  INFO 45963 --- [           main] .b.t.c.SpringBootTestContextBootstrapper : Neither @ContextConfiguration nor @ContextHierarchy found for test class [com.rmit.sept.assignment.initial.service.BookingServiceTest], using SpringBootContextLoader
2020-09-22 21:03:16.424  INFO 45963 --- [           main] o.s.t.c.support.AbstractContextLoader    : Could not detect default resource locations for test class [com.rmit.sept.assignment.initial.service.BookingServiceTest]: no resource found for suffixes {-context.xml, Context.groovy}.
2020-09-22 21:03:16.424  INFO 45963 --- [           main] t.c.s.AnnotationConfigContextLoaderUtils : Could not detect default configuration classes for test class [com.rmit.sept.assignment.initial.service.BookingServiceTest]: BookingServiceTest does not declare any static, non-private, non-final, nested classes annotated with @Configuration.
2020-09-22 21:03:16.425  INFO 45963 --- [           main] .b.t.c.SpringBootTestContextBootstrapper : Found @SpringBootConfiguration com.rmit.sept.assignment.initial.InitialApplication for test class com.rmit.sept.assignment.initial.service.BookingServiceTest
2020-09-22 21:03:16.426  INFO 45963 --- [           main] .b.t.c.SpringBootTestContextBootstrapper : Loaded default TestExecutionListener class names from location [META-INF/spring.factories]: [org.springframework.boot.test.mock.mockito.MockitoTestExecutionListener, org.springframework.boot.test.mock.mockito.ResetMocksTestExecutionListener, org.springframework.boot.test.autoconfigure.restdocs.RestDocsTestExecutionListener, org.springframework.boot.test.autoconfigure.web.client.MockRestServiceServerResetTestExecutionListener, org.springframework.boot.test.autoconfigure.web.servlet.MockMvcPrintOnlyOnFailureTestExecutionListener, org.springframework.boot.test.autoconfigure.web.servlet.WebDriverTestExecutionListener, org.springframework.boot.test.autoconfigure.webservices.client.MockWebServiceServerTestExecutionListener, org.springframework.test.context.web.ServletTestExecutionListener, org.springframework.test.context.support.DirtiesContextBeforeModesTestExecutionListener, org.springframework.test.context.support.DependencyInjectionTestExecutionListener, org.springframework.test.context.support.DirtiesContextTestExecutionListener, org.springframework.test.context.transaction.TransactionalTestExecutionListener, org.springframework.test.context.jdbc.SqlScriptsTestExecutionListener, org.springframework.test.context.event.EventPublishingTestExecutionListener]
2020-09-22 21:03:16.427  INFO 45963 --- [           main] .b.t.c.SpringBootTestContextBootstrapper : Using TestExecutionListeners: [org.springframework.test.context.web.ServletTestExecutionListener@38a6ca39, org.springframework.test.context.support.DirtiesContextBeforeModesTestExecutionListener@797dd7ef, org.springframework.boot.test.mock.mockito.MockitoTestExecutionListener@ece7204, org.springframework.boot.test.autoconfigure.SpringBootDependencyInjectionTestExecutionListener@22c4151b, org.springframework.test.context.support.DirtiesContextTestExecutionListener@2c3df478, org.springframework.test.context.transaction.TransactionalTestExecutionListener@3be88cbf, org.springframework.test.context.jdbc.SqlScriptsTestExecutionListener@46cb9794, org.springframework.test.context.event.EventPublishingTestExecutionListener@44252e9b, org.springframework.boot.test.mock.mockito.ResetMocksTestExecutionListener@7f88c53, org.springframework.boot.test.autoconfigure.restdocs.RestDocsTestExecutionListener@788a7567, org.springframework.boot.test.autoconfigure.web.client.MockRestServiceServerResetTestExecutionListener@62672ad5, org.springframework.boot.test.autoconfigure.web.servlet.MockMvcPrintOnlyOnFailureTestExecutionListener@f5b81f4, org.springframework.boot.test.autoconfigure.web.servlet.WebDriverTestExecutionListener@4c020e58, org.springframework.boot.test.autoconfigure.webservices.client.MockWebServiceServerTestExecutionListener@67887bf2]
  .   ____          _            __ _ _
 /\\ / ___'_ __ _ _(_)_ __  __ _ \ \ \ \
( ( )\___ | '_ | '_| | '_ \/ _` | \ \ \ \
 \\/  ___)| |_)| | | | | || (_| |  ) ) ) )
  '  |____| .__|_| |_|_| |_\__, | / / / /
 =========|_|==============|___/=/_/_/_/
 :: Spring Boot ::        (v2.3.2.RELEASE)
2020-09-22 21:03:16.451  INFO 45963 --- [           main] c.r.s.a.i.service.BookingServiceTest     : Starting BookingServiceTest on Donald.local with PID 45963 (started by University in /Users/University/Documents/GitHub/majorproject-2-thurs-18-30-5/BackEnd)
2020-09-22 21:03:16.451  INFO 45963 --- [           main] c.r.s.a.i.service.BookingServiceTest     : The following profiles are active: test
2020-09-22 21:03:16.567  INFO 45963 --- [           main] .s.d.r.c.RepositoryConfigurationDelegate : Bootstrapping Spring Data JPA repositories in DEFAULT mode.
2020-09-22 21:03:16.583  INFO 45963 --- [           main] .s.d.r.c.RepositoryConfigurationDelegate : Finished Spring Data repository scanning in 16ms. Found 5 JPA repository interfaces.
2020-09-22 21:03:16.811  INFO 45963 --- [           main] o.hibernate.jpa.internal.util.LogHelper  : HHH000204: Processing PersistenceUnitInfo [name: default]
2020-09-22 21:03:16.817  INFO 45963 --- [           main] com.zaxxer.hikari.HikariDataSource       : HikariPool-7 - Starting...
2020-09-22 21:03:16.818  INFO 45963 --- [           main] com.zaxxer.hikari.HikariDataSource       : HikariPool-7 - Start completed.
2020-09-22 21:03:16.818  INFO 45963 --- [           main] org.hibernate.dialect.Dialect            : HHH000400: Using dialect: org.hibernate.dialect.H2Dialect
2020-09-22 21:03:16.936  INFO 45963 --- [           main] o.h.e.t.j.p.i.JtaPlatformInitiator       : HHH000490: Using JtaPlatform implementation: [org.hibernate.engine.transaction.jta.platform.internal.NoJtaPlatform]
2020-09-22 21:03:16.936  INFO 45963 --- [           main] j.LocalContainerEntityManagerFactoryBean : Initialized JPA EntityManagerFactory for persistence unit 'default'
2020-09-22 21:03:17.122  WARN 45963 --- [           main] JpaBaseConfiguration$JpaWebConfiguration : spring.jpa.open-in-view is enabled by default. Therefore, database queries may be performed during view rendering. Explicitly configure spring.jpa.open-in-view to disable this warning
2020-09-22 21:03:17.234  INFO 45963 --- [           main] o.s.s.concurrent.ThreadPoolTaskExecutor  : Initializing ExecutorService 'applicationTaskExecutor'
2020-09-22 21:03:17.409  INFO 45963 --- [           main] o.s.b.a.h2.H2ConsoleAutoConfiguration    : H2 console available at '/h2-console'. Database available at 'jdbc:h2:file:~/test/sept-db'
2020-09-22 21:03:17.462  INFO 45963 --- [           main] c.r.s.a.i.service.BookingServiceTest     : Started BookingServiceTest in 1.032 seconds (JVM running for 13.726)
[INFO] Tests run: 4, Failures: 0, Errors: 0, Skipped: 0, Time elapsed: 1.061 s - in com.rmit.sept.assignment.initial.service.BookingServiceTest
[INFO] Running com.rmit.sept.assignment.initial.service.BusinessServiceTest
2020-09-22 21:03:17.489  INFO 45963 --- [           main] .b.t.c.SpringBootTestContextBootstrapper : Neither @ContextConfiguration nor @ContextHierarchy found for test class [com.rmit.sept.assignment.initial.service.BusinessServiceTest], using SpringBootContextLoader
2020-09-22 21:03:17.490  INFO 45963 --- [           main] o.s.t.c.support.AbstractContextLoader    : Could not detect default resource locations for test class [com.rmit.sept.assignment.initial.service.BusinessServiceTest]: no resource found for suffixes {-context.xml, Context.groovy}.
2020-09-22 21:03:17.490  INFO 45963 --- [           main] t.c.s.AnnotationConfigContextLoaderUtils : Could not detect default configuration classes for test class [com.rmit.sept.assignment.initial.service.BusinessServiceTest]: BusinessServiceTest does not declare any static, non-private, non-final, nested classes annotated with @Configuration.
2020-09-22 21:03:17.494  INFO 45963 --- [           main] .b.t.c.SpringBootTestContextBootstrapper : Found @SpringBootConfiguration com.rmit.sept.assignment.initial.InitialApplication for test class com.rmit.sept.assignment.initial.service.BusinessServiceTest
2020-09-22 21:03:17.496  INFO 45963 --- [           main] .b.t.c.SpringBootTestContextBootstrapper : Loaded default TestExecutionListener class names from location [META-INF/spring.factories]: [org.springframework.boot.test.mock.mockito.MockitoTestExecutionListener, org.springframework.boot.test.mock.mockito.ResetMocksTestExecutionListener, org.springframework.boot.test.autoconfigure.restdocs.RestDocsTestExecutionListener, org.springframework.boot.test.autoconfigure.web.client.MockRestServiceServerResetTestExecutionListener, org.springframework.boot.test.autoconfigure.web.servlet.MockMvcPrintOnlyOnFailureTestExecutionListener, org.springframework.boot.test.autoconfigure.web.servlet.WebDriverTestExecutionListener, org.springframework.boot.test.autoconfigure.webservices.client.MockWebServiceServerTestExecutionListener, org.springframework.test.context.web.ServletTestExecutionListener, org.springframework.test.context.support.DirtiesContextBeforeModesTestExecutionListener, org.springframework.test.context.support.DependencyInjectionTestExecutionListener, org.springframework.test.context.support.DirtiesContextTestExecutionListener, org.springframework.test.context.transaction.TransactionalTestExecutionListener, org.springframework.test.context.jdbc.SqlScriptsTestExecutionListener, org.springframework.test.context.event.EventPublishingTestExecutionListener]
2020-09-22 21:03:17.496  INFO 45963 --- [           main] .b.t.c.SpringBootTestContextBootstrapper : Using TestExecutionListeners: [org.springframework.test.context.web.ServletTestExecutionListener@73611fbb, org.springframework.test.context.support.DirtiesContextBeforeModesTestExecutionListener@3d0f2154, org.springframework.boot.test.mock.mockito.MockitoTestExecutionListener@8374911, org.springframework.boot.test.autoconfigure.SpringBootDependencyInjectionTestExecutionListener@106dee26, org.springframework.test.context.support.DirtiesContextTestExecutionListener@6b0aa757, org.springframework.test.context.transaction.TransactionalTestExecutionListener@2f4b2ee3, org.springframework.test.context.jdbc.SqlScriptsTestExecutionListener@1d0695da, org.springframework.test.context.event.EventPublishingTestExecutionListener@62e55482, org.springframework.boot.test.mock.mockito.ResetMocksTestExecutionListener@5ceb6796, org.springframework.boot.test.autoconfigure.restdocs.RestDocsTestExecutionListener@2aa176de, org.springframework.boot.test.autoconfigure.web.client.MockRestServiceServerResetTestExecutionListener@3208e15, org.springframework.boot.test.autoconfigure.web.servlet.MockMvcPrintOnlyOnFailureTestExecutionListener@4ba99bb7, org.springframework.boot.test.autoconfigure.web.servlet.WebDriverTestExecutionListener@4cf99283, org.springframework.boot.test.autoconfigure.webservices.client.MockWebServiceServerTestExecutionListener@6d4f1a44]
  .   ____          _            __ _ _
 /\\ / ___'_ __ _ _(_)_ __  __ _ \ \ \ \
( ( )\___ | '_ | '_| | '_ \/ _` | \ \ \ \
 \\/  ___)| |_)| | | | | || (_| |  ) ) ) )
  '  |____| .__|_| |_|_| |_\__, | / / / /
 =========|_|==============|___/=/_/_/_/
 :: Spring Boot ::        (v2.3.2.RELEASE)
2020-09-22 21:03:17.519  INFO 45963 --- [           main] c.r.s.a.i.service.BusinessServiceTest    : Starting BusinessServiceTest on Donald.local with PID 45963 (started by University in /Users/University/Documents/GitHub/majorproject-2-thurs-18-30-5/BackEnd)
2020-09-22 21:03:17.519  INFO 45963 --- [           main] c.r.s.a.i.service.BusinessServiceTest    : The following profiles are active: test
2020-09-22 21:03:17.646  INFO 45963 --- [           main] .s.d.r.c.RepositoryConfigurationDelegate : Bootstrapping Spring Data JPA repositories in DEFAULT mode.
2020-09-22 21:03:17.665  INFO 45963 --- [           main] .s.d.r.c.RepositoryConfigurationDelegate : Finished Spring Data repository scanning in 18ms. Found 5 JPA repository interfaces.
2020-09-22 21:03:17.829  INFO 45963 --- [           main] o.hibernate.jpa.internal.util.LogHelper  : HHH000204: Processing PersistenceUnitInfo [name: default]
2020-09-22 21:03:17.834  INFO 45963 --- [           main] com.zaxxer.hikari.HikariDataSource       : HikariPool-8 - Starting...
2020-09-22 21:03:17.835  INFO 45963 --- [           main] com.zaxxer.hikari.HikariDataSource       : HikariPool-8 - Start completed.
2020-09-22 21:03:17.835  INFO 45963 --- [           main] org.hibernate.dialect.Dialect            : HHH000400: Using dialect: org.hibernate.dialect.H2Dialect
2020-09-22 21:03:17.944  INFO 45963 --- [           main] o.h.e.t.j.p.i.JtaPlatformInitiator       : HHH000490: Using JtaPlatform implementation: [org.hibernate.engine.transaction.jta.platform.internal.NoJtaPlatform]
2020-09-22 21:03:17.945  INFO 45963 --- [           main] j.LocalContainerEntityManagerFactoryBean : Initialized JPA EntityManagerFactory for persistence unit 'default'
2020-09-22 21:03:18.134  WARN 45963 --- [           main] JpaBaseConfiguration$JpaWebConfiguration : spring.jpa.open-in-view is enabled by default. Therefore, database queries may be performed during view rendering. Explicitly configure spring.jpa.open-in-view to disable this warning
2020-09-22 21:03:18.229  INFO 45963 --- [           main] o.s.s.concurrent.ThreadPoolTaskExecutor  : Initializing ExecutorService 'applicationTaskExecutor'
2020-09-22 21:03:18.436  INFO 45963 --- [           main] o.s.b.a.h2.H2ConsoleAutoConfiguration    : H2 console available at '/h2-console'. Database available at 'jdbc:h2:file:~/test/sept-db'
2020-09-22 21:03:18.487  INFO 45963 --- [           main] c.r.s.a.i.service.BusinessServiceTest    : Started BusinessServiceTest in 0.989 seconds (JVM running for 14.752)
[INFO] Tests run: 9, Failures: 0, Errors: 0, Skipped: 0, Time elapsed: 1.031 s - in com.rmit.sept.assignment.initial.service.BusinessServiceTest
[INFO] Running com.rmit.sept.assignment.initial.service.WorkerServiceTest
2020-09-22 21:03:18.524  INFO 45963 --- [           main] .b.t.c.SpringBootTestContextBootstrapper : Neither @ContextConfiguration nor @ContextHierarchy found for test class [com.rmit.sept.assignment.initial.service.WorkerServiceTest], using SpringBootContextLoader
2020-09-22 21:03:18.525  INFO 45963 --- [           main] o.s.t.c.support.AbstractContextLoader    : Could not detect default resource locations for test class [com.rmit.sept.assignment.initial.service.WorkerServiceTest]: no resource found for suffixes {-context.xml, Context.groovy}.
2020-09-22 21:03:18.525  INFO 45963 --- [           main] t.c.s.AnnotationConfigContextLoaderUtils : Could not detect default configuration classes for test class [com.rmit.sept.assignment.initial.service.WorkerServiceTest]: WorkerServiceTest does not declare any static, non-private, non-final, nested classes annotated with @Configuration.
2020-09-22 21:03:18.526  INFO 45963 --- [           main] .b.t.c.SpringBootTestContextBootstrapper : Found @SpringBootConfiguration com.rmit.sept.assignment.initial.InitialApplication for test class com.rmit.sept.assignment.initial.service.WorkerServiceTest
2020-09-22 21:03:18.528  INFO 45963 --- [           main] .b.t.c.SpringBootTestContextBootstrapper : Loaded default TestExecutionListener class names from location [META-INF/spring.factories]: [org.springframework.boot.test.mock.mockito.MockitoTestExecutionListener, org.springframework.boot.test.mock.mockito.ResetMocksTestExecutionListener, org.springframework.boot.test.autoconfigure.restdocs.RestDocsTestExecutionListener, org.springframework.boot.test.autoconfigure.web.client.MockRestServiceServerResetTestExecutionListener, org.springframework.boot.test.autoconfigure.web.servlet.MockMvcPrintOnlyOnFailureTestExecutionListener, org.springframework.boot.test.autoconfigure.web.servlet.WebDriverTestExecutionListener, org.springframework.boot.test.autoconfigure.webservices.client.MockWebServiceServerTestExecutionListener, org.springframework.test.context.web.ServletTestExecutionListener, org.springframework.test.context.support.DirtiesContextBeforeModesTestExecutionListener, org.springframework.test.context.support.DependencyInjectionTestExecutionListener, org.springframework.test.context.support.DirtiesContextTestExecutionListener, org.springframework.test.context.transaction.TransactionalTestExecutionListener, org.springframework.test.context.jdbc.SqlScriptsTestExecutionListener, org.springframework.test.context.event.EventPublishingTestExecutionListener]
2020-09-22 21:03:18.528  INFO 45963 --- [           main] .b.t.c.SpringBootTestContextBootstrapper : Using TestExecutionListeners: [org.springframework.test.context.web.ServletTestExecutionListener@523cc8b4, org.springframework.test.context.support.DirtiesContextBeforeModesTestExecutionListener@139224ab, org.springframework.boot.test.mock.mockito.MockitoTestExecutionListener@26db7540, org.springframework.boot.test.autoconfigure.SpringBootDependencyInjectionTestExecutionListener@4dcdc172, org.springframework.test.context.support.DirtiesContextTestExecutionListener@7900d917, org.springframework.test.context.transaction.TransactionalTestExecutionListener@7bb50de0, org.springframework.test.context.jdbc.SqlScriptsTestExecutionListener@63916a3, org.springframework.test.context.event.EventPublishingTestExecutionListener@25dc8147, org.springframework.boot.test.mock.mockito.ResetMocksTestExecutionListener@5aeb2c8a, org.springframework.boot.test.autoconfigure.restdocs.RestDocsTestExecutionListener@962e03a, org.springframework.boot.test.autoconfigure.web.client.MockRestServiceServerResetTestExecutionListener@472073bb, org.springframework.boot.test.autoconfigure.web.servlet.MockMvcPrintOnlyOnFailureTestExecutionListener@63714a1, org.springframework.boot.test.autoconfigure.web.servlet.WebDriverTestExecutionListener@53bf791, org.springframework.boot.test.autoconfigure.webservices.client.MockWebServiceServerTestExecutionListener@1bc6a43c]
  .   ____          _            __ _ _
 /\\ / ___'_ __ _ _(_)_ __  __ _ \ \ \ \
( ( )\___ | '_ | '_| | '_ \/ _` | \ \ \ \
 \\/  ___)| |_)| | | | | || (_| |  ) ) ) )
  '  |____| .__|_| |_|_| |_\__, | / / / /
 =========|_|==============|___/=/_/_/_/
 :: Spring Boot ::        (v2.3.2.RELEASE)
2020-09-22 21:03:18.554  INFO 45963 --- [           main] c.r.s.a.i.service.WorkerServiceTest      : Starting WorkerServiceTest on Donald.local with PID 45963 (started by University in /Users/University/Documents/GitHub/majorproject-2-thurs-18-30-5/BackEnd)
2020-09-22 21:03:18.554  INFO 45963 --- [           main] c.r.s.a.i.service.WorkerServiceTest      : The following profiles are active: test
2020-09-22 21:03:18.694  INFO 45963 --- [           main] .s.d.r.c.RepositoryConfigurationDelegate : Bootstrapping Spring Data JPA repositories in DEFAULT mode.
2020-09-22 21:03:18.711  INFO 45963 --- [           main] .s.d.r.c.RepositoryConfigurationDelegate : Finished Spring Data repository scanning in 15ms. Found 5 JPA repository interfaces.
2020-09-22 21:03:18.831  INFO 45963 --- [           main] o.hibernate.jpa.internal.util.LogHelper  : HHH000204: Processing PersistenceUnitInfo [name: default]
2020-09-22 21:03:18.835  INFO 45963 --- [           main] com.zaxxer.hikari.HikariDataSource       : HikariPool-9 - Starting...
2020-09-22 21:03:18.836  INFO 45963 --- [           main] com.zaxxer.hikari.HikariDataSource       : HikariPool-9 - Start completed.
2020-09-22 21:03:18.836  INFO 45963 --- [           main] org.hibernate.dialect.Dialect            : HHH000400: Using dialect: org.hibernate.dialect.H2Dialect
2020-09-22 21:03:18.926  INFO 45963 --- [           main] o.h.e.t.j.p.i.JtaPlatformInitiator       : HHH000490: Using JtaPlatform implementation: [org.hibernate.engine.transaction.jta.platform.internal.NoJtaPlatform]
2020-09-22 21:03:18.926  INFO 45963 --- [           main] j.LocalContainerEntityManagerFactoryBean : Initialized JPA EntityManagerFactory for persistence unit 'default'
2020-09-22 21:03:19.123  WARN 45963 --- [           main] JpaBaseConfiguration$JpaWebConfiguration : spring.jpa.open-in-view is enabled by default. Therefore, database queries may be performed during view rendering. Explicitly configure spring.jpa.open-in-view to disable this warning
2020-09-22 21:03:19.230  INFO 45963 --- [           main] o.s.s.concurrent.ThreadPoolTaskExecutor  : Initializing ExecutorService 'applicationTaskExecutor'
2020-09-22 21:03:19.399  INFO 45963 --- [           main] o.s.b.a.h2.H2ConsoleAutoConfiguration    : H2 console available at '/h2-console'. Database available at 'jdbc:h2:file:~/test/sept-db'
2020-09-22 21:03:19.451  INFO 45963 --- [           main] c.r.s.a.i.service.WorkerServiceTest      : Started WorkerServiceTest in 0.921 seconds (JVM running for 15.716)
[INFO] Tests run: 9, Failures: 0, Errors: 0, Skipped: 0, Time elapsed: 0.954 s - in com.rmit.sept.assignment.initial.service.WorkerServiceTest
2020-09-22 21:03:19.510  INFO 45963 --- [extShutdownHook] o.s.s.concurrent.ThreadPoolTaskExecutor  : Shutting down ExecutorService 'applicationTaskExecutor'
2020-09-22 21:03:19.510  INFO 45963 --- [extShutdownHook] o.s.s.concurrent.ThreadPoolTaskExecutor  : Shutting down ExecutorService 'applicationTaskExecutor'
2020-09-22 21:03:19.510  INFO 45963 --- [extShutdownHook] o.s.s.concurrent.ThreadPoolTaskExecutor  : Shutting down ExecutorService 'applicationTaskExecutor'
2020-09-22 21:03:19.510  INFO 45963 --- [extShutdownHook] o.s.s.concurrent.ThreadPoolTaskExecutor  : Shutting down ExecutorService 'applicationTaskExecutor'
2020-09-22 21:03:19.510  INFO 45963 --- [extShutdownHook] o.s.s.concurrent.ThreadPoolTaskExecutor  : Shutting down ExecutorService 'applicationTaskExecutor'
2020-09-22 21:03:19.510  INFO 45963 --- [extShutdownHook] o.s.s.concurrent.ThreadPoolTaskExecutor  : Shutting down ExecutorService 'applicationTaskExecutor'
2020-09-22 21:03:19.511  INFO 45963 --- [extShutdownHook] o.s.s.concurrent.ThreadPoolTaskExecutor  : Shutting down ExecutorService 'applicationTaskExecutor'
2020-09-22 21:03:19.510  INFO 45963 --- [extShutdownHook] o.s.s.concurrent.ThreadPoolTaskExecutor  : Shutting down ExecutorService 'applicationTaskExecutor'
2020-09-22 21:03:19.512  INFO 45963 --- [extShutdownHook] j.LocalContainerEntityManagerFactoryBean : Closing JPA EntityManagerFactory for persistence unit 'default'
2020-09-22 21:03:19.512  INFO 45963 --- [extShutdownHook] j.LocalContainerEntityManagerFactoryBean : Closing JPA EntityManagerFactory for persistence unit 'default'
2020-09-22 21:03:19.511  INFO 45963 --- [extShutdownHook] o.s.s.concurrent.ThreadPoolTaskExecutor  : Shutting down ExecutorService 'applicationTaskExecutor'
2020-09-22 21:03:19.513  INFO 45963 --- [extShutdownHook] j.LocalContainerEntityManagerFactoryBean : Closing JPA EntityManagerFactory for persistence unit 'default'
2020-09-22 21:03:19.513  INFO 45963 --- [extShutdownHook] j.LocalContainerEntityManagerFactoryBean : Closing JPA EntityManagerFactory for persistence unit 'default'
2020-09-22 21:03:19.513  INFO 45963 --- [extShutdownHook] j.LocalContainerEntityManagerFactoryBean : Closing JPA EntityManagerFactory for persistence unit 'default'
2020-09-22 21:03:19.513  INFO 45963 --- [extShutdownHook] j.LocalContainerEntityManagerFactoryBean : Closing JPA EntityManagerFactory for persistence unit 'default'
2020-09-22 21:03:19.515  INFO 45963 --- [extShutdownHook] j.LocalContainerEntityManagerFactoryBean : Closing JPA EntityManagerFactory for persistence unit 'default'
2020-09-22 21:03:19.515  INFO 45963 --- [extShutdownHook] j.LocalContainerEntityManagerFactoryBean : Closing JPA EntityManagerFactory for persistence unit 'default'
2020-09-22 21:03:19.515  INFO 45963 --- [extShutdownHook] j.LocalContainerEntityManagerFactoryBean : Closing JPA EntityManagerFactory for persistence unit 'default'
2020-09-22 21:03:19.517  INFO 45963 --- [extShutdownHook] com.zaxxer.hikari.HikariDataSource       : HikariPool-3 - Shutdown initiated...
2020-09-22 21:03:19.517  INFO 45963 --- [extShutdownHook] com.zaxxer.hikari.HikariDataSource       : HikariPool-5 - Shutdown initiated...
2020-09-22 21:03:19.517  INFO 45963 --- [extShutdownHook] com.zaxxer.hikari.HikariDataSource       : HikariPool-6 - Shutdown initiated...
2020-09-22 21:03:19.517  INFO 45963 --- [extShutdownHook] com.zaxxer.hikari.HikariDataSource       : HikariPool-7 - Shutdown initiated...
2020-09-22 21:03:19.517  INFO 45963 --- [extShutdownHook] com.zaxxer.hikari.HikariDataSource       : HikariPool-4 - Shutdown initiated...
2020-09-22 21:03:19.517  INFO 45963 --- [extShutdownHook] com.zaxxer.hikari.HikariDataSource       : HikariPool-1 - Shutdown initiated...
2020-09-22 21:03:19.517  INFO 45963 --- [extShutdownHook] com.zaxxer.hikari.HikariDataSource       : HikariPool-8 - Shutdown initiated...
2020-09-22 21:03:19.517  INFO 45963 --- [extShutdownHook] com.zaxxer.hikari.HikariDataSource       : HikariPool-2 - Shutdown initiated...
2020-09-22 21:03:19.517  INFO 45963 --- [extShutdownHook] com.zaxxer.hikari.HikariDataSource       : HikariPool-9 - Shutdown initiated...
2020-09-22 21:03:19.521  INFO 45963 --- [extShutdownHook] com.zaxxer.hikari.HikariDataSource       : HikariPool-1 - Shutdown completed.
2020-09-22 21:03:19.523  INFO 45963 --- [extShutdownHook] com.zaxxer.hikari.HikariDataSource       : HikariPool-3 - Shutdown completed.
2020-09-22 21:03:19.523  INFO 45963 --- [extShutdownHook] com.zaxxer.hikari.HikariDataSource       : HikariPool-6 - Shutdown completed.
2020-09-22 21:03:19.523  INFO 45963 --- [extShutdownHook] com.zaxxer.hikari.HikariDataSource       : HikariPool-4 - Shutdown completed.
2020-09-22 21:03:19.523  INFO 45963 --- [extShutdownHook] com.zaxxer.hikari.HikariDataSource       : HikariPool-8 - Shutdown completed.
2020-09-22 21:03:19.523  INFO 45963 --- [extShutdownHook] com.zaxxer.hikari.HikariDataSource       : HikariPool-9 - Shutdown completed.
2020-09-22 21:03:19.523  INFO 45963 --- [extShutdownHook] com.zaxxer.hikari.HikariDataSource       : HikariPool-5 - Shutdown completed.
2020-09-22 21:03:19.523  INFO 45963 --- [extShutdownHook] com.zaxxer.hikari.HikariDataSource       : HikariPool-2 - Shutdown completed.
2020-09-22 21:03:19.523  INFO 45963 --- [extShutdownHook] com.zaxxer.hikari.HikariDataSource       : HikariPool-7 - Shutdown completed.
[INFO] 
[INFO] Results:
[INFO] 
[INFO] Tests run: 63, Failures: 0, Errors: 0, Skipped: 0
[INFO] 
